<?xml version="1.0" encoding="UTF-8"?>
<testsuite xmlns:xsi="http://www.w3.org/2001/XMLSchema-instance" xsi:noNamespaceSchemaLocation="https://maven.apache.org/surefire/maven-surefire-plugin/xsd/surefire-test-report-3.0.xsd" version="3.0" name="mx.gob.oadprs.sicosel.controllers.LoginControllerSpec" time="0.362" tests="2" errors="1" skipped="0" failures="0">
  <properties>
[...]
</properties>
  <testcase name="Should get login" classname="mx.gob.oadprs.sicosel.controllers.LoginControllerSpec" time="0.319">
    <system-out><![CDATA[2022-02-03 09:12:17.521  INFO 25760 --- [o-auto-1-exec-1] o.a.c.c.C.[Tomcat].[localhost].[/]       : Initializing Spring DispatcherServlet 'dispatcherServlet'
2022-02-03 09:12:17.522  INFO 25760 --- [o-auto-1-exec-1] o.s.web.servlet.DispatcherServlet        : Initializing Servlet 'dispatcherServlet'
2022-02-03 09:12:17.523  INFO 25760 --- [o-auto-1-exec-1] o.s.web.servlet.DispatcherServlet        : Completed initialization in 1 ms
]]></system-out>
  </testcase>
  <testcase name="Deberia hacer login a prs" classname="mx.gob.oadprs.sicosel.controllers.LoginControllerSpec" time="0.023">
    <error type="org.springframework.web.client.HttpClientErrorException$Forbidden"><![CDATA[org.springframework.web.client.HttpClientErrorException$Forbidden: 403 : [no body]
	at mx.gob.oadprs.sicosel.controllers.LoginControllerSpec.Deberia hacer login a prs(LoginControllerSpec.groovy:51)
]]></error>
  </testcase>
</testsuite>