<?xml version="1.0" encoding="UTF-8"?>
<testsuite xmlns:xsi="http://www.w3.org/2001/XMLSchema-instance" xsi:noNamespaceSchemaLocation="https://maven.apache.org/surefire/maven-surefire-plugin/xsd/surefire-test-report-3.0.xsd" version="3.0" name="mx.gob.oadprs.sicosel.services.FolioServiceSpec" time="7.673" tests="1" errors="0" skipped="0" failures="0">
  <properties>
[...]
</properties>
  <testcase name="Debe testear la generacion de folio" classname="mx.gob.oadprs.sicosel.services.FolioServiceSpec" time="0.307">
    <system-out><![CDATA[09:12:08.935 [main] DEBUG org.springframework.test.annotation.ProfileValueUtils - Retrieved @ProfileValueSourceConfiguration [null] for test class [mx.gob.oadprs.sicosel.services.FolioServiceSpec]
09:12:08.938 [main] DEBUG org.springframework.test.annotation.ProfileValueUtils - Retrieved ProfileValueSource type [class org.springframework.test.annotation.SystemProfileValueSource] for class [mx.gob.oadprs.sicosel.services.FolioServiceSpec]
09:12:08.938 [main] DEBUG org.springframework.test.annotation.ProfileValueUtils - Retrieved @ProfileValueSourceConfiguration [null] for test class [mx.gob.oadprs.sicosel.services.FolioServiceSpec]
09:12:08.938 [main] DEBUG org.springframework.test.annotation.ProfileValueUtils - Retrieved ProfileValueSource type [class org.springframework.test.annotation.SystemProfileValueSource] for class [mx.gob.oadprs.sicosel.services.FolioServiceSpec]
09:12:08.942 [main] DEBUG org.springframework.test.context.BootstrapUtils - Instantiating CacheAwareContextLoaderDelegate from class [org.springframework.test.context.cache.DefaultCacheAwareContextLoaderDelegate]
09:12:08.946 [main] DEBUG org.springframework.test.context.BootstrapUtils - Instantiating BootstrapContext using constructor [public org.springframework.test.context.support.DefaultBootstrapContext(java.lang.Class,org.springframework.test.context.CacheAwareContextLoaderDelegate)]
09:12:08.954 [main] DEBUG org.springframework.test.context.BootstrapUtils - Instantiating TestContextBootstrapper for test class [mx.gob.oadprs.sicosel.services.FolioServiceSpec] from class [org.springframework.boot.test.context.SpringBootTestContextBootstrapper]
09:12:08.961 [main] INFO org.springframework.boot.test.context.SpringBootTestContextBootstrapper - Neither @ContextConfiguration nor @ContextHierarchy found for test class [mx.gob.oadprs.sicosel.services.FolioServiceSpec], using SpringBootContextLoader
09:12:08.963 [main] DEBUG org.springframework.test.context.support.AbstractContextLoader - Did not detect default resource location for test class [mx.gob.oadprs.sicosel.services.FolioServiceSpec]: class path resource [mx/gob/oadprs/sicosel/services/FolioServiceSpec-context.xml] does not exist
09:12:08.964 [main] DEBUG org.springframework.test.context.support.AbstractContextLoader - Did not detect default resource location for test class [mx.gob.oadprs.sicosel.services.FolioServiceSpec]: class path resource [mx/gob/oadprs/sicosel/services/FolioServiceSpecContext.groovy] does not exist
09:12:08.964 [main] INFO org.springframework.test.context.support.AbstractContextLoader - Could not detect default resource locations for test class [mx.gob.oadprs.sicosel.services.FolioServiceSpec]: no resource found for suffixes {-context.xml, Context.groovy}.
09:12:08.964 [main] INFO org.springframework.test.context.support.AnnotationConfigContextLoaderUtils - Could not detect default configuration classes for test class [mx.gob.oadprs.sicosel.services.FolioServiceSpec]: FolioServiceSpec does not declare any static, non-private, non-final, nested classes annotated with @Configuration.
09:12:09.000 [main] DEBUG org.springframework.test.context.support.ActiveProfilesUtils - Could not find an 'annotation declaring class' for annotation type [org.springframework.test.context.ActiveProfiles] and class [mx.gob.oadprs.sicosel.services.FolioServiceSpec]
09:12:09.042 [main] DEBUG org.springframework.context.annotation.ClassPathScanningCandidateComponentProvider - Identified candidate component class: file [/home/pinky/Proyectos/infotec/psr/target/classes/mx/gob/oadprs/sicosel/PsrApplication.class]
09:12:09.043 [main] INFO org.springframework.boot.test.context.SpringBootTestContextBootstrapper - Found @SpringBootConfiguration mx.gob.oadprs.sicosel.PsrApplication for test class mx.gob.oadprs.sicosel.services.FolioServiceSpec
09:12:09.108 [main] DEBUG org.springframework.boot.test.context.SpringBootTestContextBootstrapper - @TestExecutionListeners is not present for class [mx.gob.oadprs.sicosel.services.FolioServiceSpec]: using defaults.
09:12:09.108 [main] INFO org.springframework.boot.test.context.SpringBootTestContextBootstrapper - Loaded default TestExecutionListener class names from location [META-INF/spring.factories]: [org.springframework.boot.test.mock.mockito.MockitoTestExecutionListener, org.springframework.boot.test.mock.mockito.ResetMocksTestExecutionListener, org.springframework.boot.test.autoconfigure.restdocs.RestDocsTestExecutionListener, org.springframework.boot.test.autoconfigure.web.client.MockRestServiceServerResetTestExecutionListener, org.springframework.boot.test.autoconfigure.web.servlet.MockMvcPrintOnlyOnFailureTestExecutionListener, org.springframework.boot.test.autoconfigure.web.servlet.WebDriverTestExecutionListener, org.springframework.boot.test.autoconfigure.webservices.client.MockWebServiceServerTestExecutionListener, org.springframework.test.context.web.ServletTestExecutionListener, org.springframework.test.context.support.DirtiesContextBeforeModesTestExecutionListener, org.springframework.test.context.event.ApplicationEventsTestExecutionListener, org.springframework.test.context.support.DependencyInjectionTestExecutionListener, org.springframework.test.context.support.DirtiesContextTestExecutionListener, org.springframework.test.context.transaction.TransactionalTestExecutionListener, org.springframework.test.context.jdbc.SqlScriptsTestExecutionListener, org.springframework.test.context.event.EventPublishingTestExecutionListener, org.spockframework.spring.SpringMockTestExecutionListener]
09:12:09.120 [main] INFO org.springframework.boot.test.context.SpringBootTestContextBootstrapper - Using TestExecutionListeners: [org.springframework.test.context.web.ServletTestExecutionListener@75d0911a, org.springframework.test.context.support.DirtiesContextBeforeModesTestExecutionListener@75e91545, org.springframework.test.context.event.ApplicationEventsTestExecutionListener@60d1a32f, org.springframework.boot.test.mock.mockito.MockitoTestExecutionListener@531c311e, org.springframework.boot.test.autoconfigure.SpringBootDependencyInjectionTestExecutionListener@22b53226, org.springframework.test.context.support.DirtiesContextTestExecutionListener@1fcb4808, org.springframework.test.context.transaction.TransactionalTestExecutionListener@726e5805, org.springframework.test.context.jdbc.SqlScriptsTestExecutionListener@40c80397, org.springframework.test.context.event.EventPublishingTestExecutionListener@4b672daa, org.springframework.boot.test.mock.mockito.ResetMocksTestExecutionListener@ea9b7c6, org.springframework.boot.test.autoconfigure.restdocs.RestDocsTestExecutionListener@e077866, org.springframework.boot.test.autoconfigure.web.client.MockRestServiceServerResetTestExecutionListener@ed3068a, org.springframework.boot.test.autoconfigure.web.servlet.MockMvcPrintOnlyOnFailureTestExecutionListener@7c2b6087, org.springframework.boot.test.autoconfigure.web.servlet.WebDriverTestExecutionListener@3fffff43, org.springframework.boot.test.autoconfigure.webservices.client.MockWebServiceServerTestExecutionListener@a8e6492, org.spockframework.spring.SpringMockTestExecutionListener@1c7fd41f]
09:12:09.141 [main] DEBUG org.springframework.test.annotation.ProfileValueUtils - Retrieved @ProfileValueSourceConfiguration [null] for test class [mx.gob.oadprs.sicosel.controllers.LoginControllerSpec]
09:12:09.141 [main] DEBUG org.springframework.test.annotation.ProfileValueUtils - Retrieved ProfileValueSource type [class org.springframework.test.annotation.SystemProfileValueSource] for class [mx.gob.oadprs.sicosel.controllers.LoginControllerSpec]
09:12:09.141 [main] DEBUG org.springframework.test.annotation.ProfileValueUtils - Retrieved @ProfileValueSourceConfiguration [null] for test class [mx.gob.oadprs.sicosel.controllers.LoginControllerSpec]
09:12:09.141 [main] DEBUG org.springframework.test.annotation.ProfileValueUtils - Retrieved ProfileValueSource type [class org.springframework.test.annotation.SystemProfileValueSource] for class [mx.gob.oadprs.sicosel.controllers.LoginControllerSpec]
09:12:09.141 [main] DEBUG org.springframework.test.annotation.ProfileValueUtils - Retrieved @ProfileValueSourceConfiguration [null] for test class [mx.gob.oadprs.sicosel.controllers.LoginControllerSpec]
09:12:09.141 [main] DEBUG org.springframework.test.annotation.ProfileValueUtils - Retrieved ProfileValueSource type [class org.springframework.test.annotation.SystemProfileValueSource] for class [mx.gob.oadprs.sicosel.controllers.LoginControllerSpec]
09:12:09.141 [main] DEBUG org.springframework.test.context.BootstrapUtils - Instantiating CacheAwareContextLoaderDelegate from class [org.springframework.test.context.cache.DefaultCacheAwareContextLoaderDelegate]
09:12:09.141 [main] DEBUG org.springframework.test.context.BootstrapUtils - Instantiating BootstrapContext using constructor [public org.springframework.test.context.support.DefaultBootstrapContext(java.lang.Class,org.springframework.test.context.CacheAwareContextLoaderDelegate)]
09:12:09.142 [main] DEBUG org.springframework.test.context.BootstrapUtils - Instantiating TestContextBootstrapper for test class [mx.gob.oadprs.sicosel.controllers.LoginControllerSpec] from class [org.springframework.boot.test.context.SpringBootTestContextBootstrapper]
09:12:09.142 [main] INFO org.springframework.boot.test.context.SpringBootTestContextBootstrapper - Neither @ContextConfiguration nor @ContextHierarchy found for test class [mx.gob.oadprs.sicosel.controllers.LoginControllerSpec], using SpringBootContextLoader
09:12:09.143 [main] DEBUG org.springframework.test.context.support.AbstractContextLoader - Did not detect default resource location for test class [mx.gob.oadprs.sicosel.controllers.LoginControllerSpec]: class path resource [mx/gob/oadprs/sicosel/controllers/LoginControllerSpec-context.xml] does not exist
09:12:09.143 [main] DEBUG org.springframework.test.context.support.AbstractContextLoader - Did not detect default resource location for test class [mx.gob.oadprs.sicosel.controllers.LoginControllerSpec]: class path resource [mx/gob/oadprs/sicosel/controllers/LoginControllerSpecContext.groovy] does not exist
09:12:09.143 [main] INFO org.springframework.test.context.support.AbstractContextLoader - Could not detect default resource locations for test class [mx.gob.oadprs.sicosel.controllers.LoginControllerSpec]: no resource found for suffixes {-context.xml, Context.groovy}.
09:12:09.144 [main] INFO org.springframework.test.context.support.AnnotationConfigContextLoaderUtils - Could not detect default configuration classes for test class [mx.gob.oadprs.sicosel.controllers.LoginControllerSpec]: LoginControllerSpec does not declare any static, non-private, non-final, nested classes annotated with @Configuration.
09:12:09.146 [main] DEBUG org.springframework.test.context.support.ActiveProfilesUtils - Could not find an 'annotation declaring class' for annotation type [org.springframework.test.context.ActiveProfiles] and class [mx.gob.oadprs.sicosel.controllers.LoginControllerSpec]
09:12:09.165 [main] DEBUG org.springframework.context.annotation.ClassPathScanningCandidateComponentProvider - Identified candidate component class: file [/home/pinky/Proyectos/infotec/psr/target/classes/mx/gob/oadprs/sicosel/PsrApplication.class]
09:12:09.165 [main] INFO org.springframework.boot.test.context.SpringBootTestContextBootstrapper - Found @SpringBootConfiguration mx.gob.oadprs.sicosel.PsrApplication for test class mx.gob.oadprs.sicosel.controllers.LoginControllerSpec
09:12:09.167 [main] DEBUG org.springframework.boot.test.context.SpringBootTestContextBootstrapper - @TestExecutionListeners is not present for class [mx.gob.oadprs.sicosel.controllers.LoginControllerSpec]: using defaults.
09:12:09.167 [main] INFO org.springframework.boot.test.context.SpringBootTestContextBootstrapper - Loaded default TestExecutionListener class names from location [META-INF/spring.factories]: [org.springframework.boot.test.mock.mockito.MockitoTestExecutionListener, org.springframework.boot.test.mock.mockito.ResetMocksTestExecutionListener, org.springframework.boot.test.autoconfigure.restdocs.RestDocsTestExecutionListener, org.springframework.boot.test.autoconfigure.web.client.MockRestServiceServerResetTestExecutionListener, org.springframework.boot.test.autoconfigure.web.servlet.MockMvcPrintOnlyOnFailureTestExecutionListener, org.springframework.boot.test.autoconfigure.web.servlet.WebDriverTestExecutionListener, org.springframework.boot.test.autoconfigure.webservices.client.MockWebServiceServerTestExecutionListener, org.springframework.test.context.web.ServletTestExecutionListener, org.springframework.test.context.support.DirtiesContextBeforeModesTestExecutionListener, org.springframework.test.context.event.ApplicationEventsTestExecutionListener, org.springframework.test.context.support.DependencyInjectionTestExecutionListener, org.springframework.test.context.support.DirtiesContextTestExecutionListener, org.springframework.test.context.transaction.TransactionalTestExecutionListener, org.springframework.test.context.jdbc.SqlScriptsTestExecutionListener, org.springframework.test.context.event.EventPublishingTestExecutionListener, org.spockframework.spring.SpringMockTestExecutionListener]
09:12:09.168 [main] INFO org.springframework.boot.test.context.SpringBootTestContextBootstrapper - Using TestExecutionListeners: [org.springframework.test.context.web.ServletTestExecutionListener@5b04476e, org.springframework.test.context.support.DirtiesContextBeforeModesTestExecutionListener@5ad10c1a, org.springframework.test.context.event.ApplicationEventsTestExecutionListener@6bb75258, org.springframework.boot.test.mock.mockito.MockitoTestExecutionListener@c260bdc, org.springframework.boot.test.autoconfigure.SpringBootDependencyInjectionTestExecutionListener@75e01201, org.springframework.test.context.support.DirtiesContextTestExecutionListener@2783717b, org.springframework.test.context.transaction.TransactionalTestExecutionListener@76f7d241, org.springframework.test.context.jdbc.SqlScriptsTestExecutionListener@4a335fa8, org.springframework.test.context.event.EventPublishingTestExecutionListener@3f363cf5, org.springframework.boot.test.mock.mockito.ResetMocksTestExecutionListener@3829ac1, org.springframework.boot.test.autoconfigure.restdocs.RestDocsTestExecutionListener@4baf352a, org.springframework.boot.test.autoconfigure.web.client.MockRestServiceServerResetTestExecutionListener@1bb1fde8, org.springframework.boot.test.autoconfigure.web.servlet.MockMvcPrintOnlyOnFailureTestExecutionListener@15eebbff, org.springframework.boot.test.autoconfigure.web.servlet.WebDriverTestExecutionListener@22d6f11, org.springframework.boot.test.autoconfigure.webservices.client.MockWebServiceServerTestExecutionListener@30990c1b, org.spockframework.spring.SpringMockTestExecutionListener@2453f95d]
09:12:09.173 [main] DEBUG org.springframework.test.annotation.ProfileValueUtils - Retrieved @ProfileValueSourceConfiguration [null] for test class [mx.gob.oadprs.sicosel.controllers.SentenciadoControllerSpec]
09:12:09.173 [main] DEBUG org.springframework.test.annotation.ProfileValueUtils - Retrieved ProfileValueSource type [class org.springframework.test.annotation.SystemProfileValueSource] for class [mx.gob.oadprs.sicosel.controllers.SentenciadoControllerSpec]
09:12:09.173 [main] DEBUG org.springframework.test.annotation.ProfileValueUtils - Retrieved @ProfileValueSourceConfiguration [null] for test class [mx.gob.oadprs.sicosel.controllers.SentenciadoControllerSpec]
09:12:09.173 [main] DEBUG org.springframework.test.annotation.ProfileValueUtils - Retrieved ProfileValueSource type [class org.springframework.test.annotation.SystemProfileValueSource] for class [mx.gob.oadprs.sicosel.controllers.SentenciadoControllerSpec]
09:12:09.174 [main] DEBUG org.springframework.test.annotation.ProfileValueUtils - Retrieved @ProfileValueSourceConfiguration [null] for test class [mx.gob.oadprs.sicosel.controllers.SentenciadoControllerSpec]
09:12:09.174 [main] DEBUG org.springframework.test.annotation.ProfileValueUtils - Retrieved ProfileValueSource type [class org.springframework.test.annotation.SystemProfileValueSource] for class [mx.gob.oadprs.sicosel.controllers.SentenciadoControllerSpec]
09:12:09.174 [main] DEBUG org.springframework.test.annotation.ProfileValueUtils - Retrieved @ProfileValueSourceConfiguration [null] for test class [mx.gob.oadprs.sicosel.controllers.SentenciadoControllerSpec]
09:12:09.174 [main] DEBUG org.springframework.test.annotation.ProfileValueUtils - Retrieved ProfileValueSource type [class org.springframework.test.annotation.SystemProfileValueSource] for class [mx.gob.oadprs.sicosel.controllers.SentenciadoControllerSpec]
09:12:09.174 [main] DEBUG org.springframework.test.annotation.ProfileValueUtils - Retrieved @ProfileValueSourceConfiguration [null] for test class [mx.gob.oadprs.sicosel.controllers.SentenciadoControllerSpec]
09:12:09.174 [main] DEBUG org.springframework.test.annotation.ProfileValueUtils - Retrieved ProfileValueSource type [class org.springframework.test.annotation.SystemProfileValueSource] for class [mx.gob.oadprs.sicosel.controllers.SentenciadoControllerSpec]
09:12:09.174 [main] DEBUG org.springframework.test.annotation.ProfileValueUtils - Retrieved @ProfileValueSourceConfiguration [null] for test class [mx.gob.oadprs.sicosel.controllers.SentenciadoControllerSpec]
09:12:09.174 [main] DEBUG org.springframework.test.annotation.ProfileValueUtils - Retrieved ProfileValueSource type [class org.springframework.test.annotation.SystemProfileValueSource] for class [mx.gob.oadprs.sicosel.controllers.SentenciadoControllerSpec]
09:12:09.174 [main] DEBUG org.springframework.test.context.BootstrapUtils - Instantiating CacheAwareContextLoaderDelegate from class [org.springframework.test.context.cache.DefaultCacheAwareContextLoaderDelegate]
09:12:09.174 [main] DEBUG org.springframework.test.context.BootstrapUtils - Instantiating BootstrapContext using constructor [public org.springframework.test.context.support.DefaultBootstrapContext(java.lang.Class,org.springframework.test.context.CacheAwareContextLoaderDelegate)]
09:12:09.175 [main] DEBUG org.springframework.test.context.BootstrapUtils - Instantiating TestContextBootstrapper for test class [mx.gob.oadprs.sicosel.controllers.SentenciadoControllerSpec] from class [org.springframework.boot.test.context.SpringBootTestContextBootstrapper]
09:12:09.175 [main] INFO org.springframework.boot.test.context.SpringBootTestContextBootstrapper - Neither @ContextConfiguration nor @ContextHierarchy found for test class [mx.gob.oadprs.sicosel.controllers.SentenciadoControllerSpec], using SpringBootContextLoader
09:12:09.176 [main] DEBUG org.springframework.test.context.support.AbstractContextLoader - Did not detect default resource location for test class [mx.gob.oadprs.sicosel.controllers.SentenciadoControllerSpec]: class path resource [mx/gob/oadprs/sicosel/controllers/SentenciadoControllerSpec-context.xml] does not exist
09:12:09.176 [main] DEBUG org.springframework.test.context.support.AbstractContextLoader - Did not detect default resource location for test class [mx.gob.oadprs.sicosel.controllers.SentenciadoControllerSpec]: class path resource [mx/gob/oadprs/sicosel/controllers/SentenciadoControllerSpecContext.groovy] does not exist
09:12:09.176 [main] INFO org.springframework.test.context.support.AbstractContextLoader - Could not detect default resource locations for test class [mx.gob.oadprs.sicosel.controllers.SentenciadoControllerSpec]: no resource found for suffixes {-context.xml, Context.groovy}.
09:12:09.176 [main] INFO org.springframework.test.context.support.AnnotationConfigContextLoaderUtils - Could not detect default configuration classes for test class [mx.gob.oadprs.sicosel.controllers.SentenciadoControllerSpec]: SentenciadoControllerSpec does not declare any static, non-private, non-final, nested classes annotated with @Configuration.
09:12:09.178 [main] DEBUG org.springframework.test.context.support.ActiveProfilesUtils - Could not find an 'annotation declaring class' for annotation type [org.springframework.test.context.ActiveProfiles] and class [mx.gob.oadprs.sicosel.controllers.SentenciadoControllerSpec]
09:12:09.179 [main] INFO org.springframework.boot.test.context.SpringBootTestContextBootstrapper - Found @SpringBootConfiguration mx.gob.oadprs.sicosel.PsrApplication for test class mx.gob.oadprs.sicosel.controllers.SentenciadoControllerSpec
09:12:09.180 [main] DEBUG org.springframework.boot.test.context.SpringBootTestContextBootstrapper - @TestExecutionListeners is not present for class [mx.gob.oadprs.sicosel.controllers.SentenciadoControllerSpec]: using defaults.
09:12:09.180 [main] INFO org.springframework.boot.test.context.SpringBootTestContextBootstrapper - Loaded default TestExecutionListener class names from location [META-INF/spring.factories]: [org.springframework.boot.test.mock.mockito.MockitoTestExecutionListener, org.springframework.boot.test.mock.mockito.ResetMocksTestExecutionListener, org.springframework.boot.test.autoconfigure.restdocs.RestDocsTestExecutionListener, org.springframework.boot.test.autoconfigure.web.client.MockRestServiceServerResetTestExecutionListener, org.springframework.boot.test.autoconfigure.web.servlet.MockMvcPrintOnlyOnFailureTestExecutionListener, org.springframework.boot.test.autoconfigure.web.servlet.WebDriverTestExecutionListener, org.springframework.boot.test.autoconfigure.webservices.client.MockWebServiceServerTestExecutionListener, org.springframework.test.context.web.ServletTestExecutionListener, org.springframework.test.context.support.DirtiesContextBeforeModesTestExecutionListener, org.springframework.test.context.event.ApplicationEventsTestExecutionListener, org.springframework.test.context.support.DependencyInjectionTestExecutionListener, org.springframework.test.context.support.DirtiesContextTestExecutionListener, org.springframework.test.context.transaction.TransactionalTestExecutionListener, org.springframework.test.context.jdbc.SqlScriptsTestExecutionListener, org.springframework.test.context.event.EventPublishingTestExecutionListener, org.spockframework.spring.SpringMockTestExecutionListener]
09:12:09.180 [main] INFO org.springframework.boot.test.context.SpringBootTestContextBootstrapper - Using TestExecutionListeners: [org.springframework.test.context.web.ServletTestExecutionListener@5ed731d0, org.springframework.test.context.support.DirtiesContextBeforeModesTestExecutionListener@3234f74e, org.springframework.test.context.event.ApplicationEventsTestExecutionListener@7bc10d84, org.springframework.boot.test.mock.mockito.MockitoTestExecutionListener@275fe372, org.springframework.boot.test.autoconfigure.SpringBootDependencyInjectionTestExecutionListener@40e10ff8, org.springframework.test.context.support.DirtiesContextTestExecutionListener@557a1e2d, org.springframework.test.context.transaction.TransactionalTestExecutionListener@26a4842b, org.springframework.test.context.jdbc.SqlScriptsTestExecutionListener@7e38a7fe, org.springframework.test.context.event.EventPublishingTestExecutionListener@366ef90e, org.springframework.boot.test.mock.mockito.ResetMocksTestExecutionListener@33e01298, org.springframework.boot.test.autoconfigure.restdocs.RestDocsTestExecutionListener@31e75d13, org.springframework.boot.test.autoconfigure.web.client.MockRestServiceServerResetTestExecutionListener@a5b0b86, org.springframework.boot.test.autoconfigure.web.servlet.MockMvcPrintOnlyOnFailureTestExecutionListener@4b3c354a, org.springframework.boot.test.autoconfigure.web.servlet.WebDriverTestExecutionListener@78fb9a67, org.springframework.boot.test.autoconfigure.webservices.client.MockWebServiceServerTestExecutionListener@73ff4fae, org.spockframework.spring.SpringMockTestExecutionListener@21aa6d6c]
09:12:09.184 [main] DEBUG org.springframework.test.annotation.ProfileValueUtils - Retrieved @ProfileValueSourceConfiguration [null] for test class [mx.gob.oadprs.sicosel.controllers.PaisControllerSpec]
09:12:09.184 [main] DEBUG org.springframework.test.annotation.ProfileValueUtils - Retrieved ProfileValueSource type [class org.springframework.test.annotation.SystemProfileValueSource] for class [mx.gob.oadprs.sicosel.controllers.PaisControllerSpec]
09:12:09.184 [main] DEBUG org.springframework.test.annotation.ProfileValueUtils - Retrieved @ProfileValueSourceConfiguration [null] for test class [mx.gob.oadprs.sicosel.controllers.PaisControllerSpec]
09:12:09.184 [main] DEBUG org.springframework.test.annotation.ProfileValueUtils - Retrieved ProfileValueSource type [class org.springframework.test.annotation.SystemProfileValueSource] for class [mx.gob.oadprs.sicosel.controllers.PaisControllerSpec]
09:12:09.184 [main] DEBUG org.springframework.test.context.BootstrapUtils - Instantiating CacheAwareContextLoaderDelegate from class [org.springframework.test.context.cache.DefaultCacheAwareContextLoaderDelegate]
09:12:09.184 [main] DEBUG org.springframework.test.context.BootstrapUtils - Instantiating BootstrapContext using constructor [public org.springframework.test.context.support.DefaultBootstrapContext(java.lang.Class,org.springframework.test.context.CacheAwareContextLoaderDelegate)]
09:12:09.184 [main] DEBUG org.springframework.test.context.BootstrapUtils - Instantiating TestContextBootstrapper for test class [mx.gob.oadprs.sicosel.controllers.PaisControllerSpec] from class [org.springframework.boot.test.context.SpringBootTestContextBootstrapper]
09:12:09.185 [main] INFO org.springframework.boot.test.context.SpringBootTestContextBootstrapper - Neither @ContextConfiguration nor @ContextHierarchy found for test class [mx.gob.oadprs.sicosel.controllers.PaisControllerSpec], using SpringBootContextLoader
09:12:09.185 [main] DEBUG org.springframework.test.context.support.AbstractContextLoader - Did not detect default resource location for test class [mx.gob.oadprs.sicosel.controllers.PaisControllerSpec]: class path resource [mx/gob/oadprs/sicosel/controllers/PaisControllerSpec-context.xml] does not exist
09:12:09.185 [main] DEBUG org.springframework.test.context.support.AbstractContextLoader - Did not detect default resource location for test class [mx.gob.oadprs.sicosel.controllers.PaisControllerSpec]: class path resource [mx/gob/oadprs/sicosel/controllers/PaisControllerSpecContext.groovy] does not exist
09:12:09.185 [main] INFO org.springframework.test.context.support.AbstractContextLoader - Could not detect default resource locations for test class [mx.gob.oadprs.sicosel.controllers.PaisControllerSpec]: no resource found for suffixes {-context.xml, Context.groovy}.
09:12:09.186 [main] INFO org.springframework.test.context.support.AnnotationConfigContextLoaderUtils - Could not detect default configuration classes for test class [mx.gob.oadprs.sicosel.controllers.PaisControllerSpec]: PaisControllerSpec does not declare any static, non-private, non-final, nested classes annotated with @Configuration.
09:12:09.187 [main] DEBUG org.springframework.test.context.support.ActiveProfilesUtils - Could not find an 'annotation declaring class' for annotation type [org.springframework.test.context.ActiveProfiles] and class [mx.gob.oadprs.sicosel.controllers.PaisControllerSpec]
09:12:09.188 [main] INFO org.springframework.boot.test.context.SpringBootTestContextBootstrapper - Found @SpringBootConfiguration mx.gob.oadprs.sicosel.PsrApplication for test class mx.gob.oadprs.sicosel.controllers.PaisControllerSpec
09:12:09.189 [main] DEBUG org.springframework.boot.test.context.SpringBootTestContextBootstrapper - @TestExecutionListeners is not present for class [mx.gob.oadprs.sicosel.controllers.PaisControllerSpec]: using defaults.
09:12:09.189 [main] INFO org.springframework.boot.test.context.SpringBootTestContextBootstrapper - Loaded default TestExecutionListener class names from location [META-INF/spring.factories]: [org.springframework.boot.test.mock.mockito.MockitoTestExecutionListener, org.springframework.boot.test.mock.mockito.ResetMocksTestExecutionListener, org.springframework.boot.test.autoconfigure.restdocs.RestDocsTestExecutionListener, org.springframework.boot.test.autoconfigure.web.client.MockRestServiceServerResetTestExecutionListener, org.springframework.boot.test.autoconfigure.web.servlet.MockMvcPrintOnlyOnFailureTestExecutionListener, org.springframework.boot.test.autoconfigure.web.servlet.WebDriverTestExecutionListener, org.springframework.boot.test.autoconfigure.webservices.client.MockWebServiceServerTestExecutionListener, org.springframework.test.context.web.ServletTestExecutionListener, org.springframework.test.context.support.DirtiesContextBeforeModesTestExecutionListener, org.springframework.test.context.event.ApplicationEventsTestExecutionListener, org.springframework.test.context.support.DependencyInjectionTestExecutionListener, org.springframework.test.context.support.DirtiesContextTestExecutionListener, org.springframework.test.context.transaction.TransactionalTestExecutionListener, org.springframework.test.context.jdbc.SqlScriptsTestExecutionListener, org.springframework.test.context.event.EventPublishingTestExecutionListener, org.spockframework.spring.SpringMockTestExecutionListener]
09:12:09.189 [main] INFO org.springframework.boot.test.context.SpringBootTestContextBootstrapper - Using TestExecutionListeners: [org.springframework.test.context.web.ServletTestExecutionListener@2f9a01c1, org.springframework.test.context.support.DirtiesContextBeforeModesTestExecutionListener@2611b9a3, org.springframework.test.context.event.ApplicationEventsTestExecutionListener@54227100, org.springframework.boot.test.mock.mockito.MockitoTestExecutionListener@6b5894c8, org.springframework.boot.test.autoconfigure.SpringBootDependencyInjectionTestExecutionListener@1433046b, org.springframework.test.context.support.DirtiesContextTestExecutionListener@3f446bef, org.springframework.test.context.transaction.TransactionalTestExecutionListener@7829b776, org.springframework.test.context.jdbc.SqlScriptsTestExecutionListener@5778826f, org.springframework.test.context.event.EventPublishingTestExecutionListener@5b64c4b7, org.springframework.boot.test.mock.mockito.ResetMocksTestExecutionListener@4763c727, org.springframework.boot.test.autoconfigure.restdocs.RestDocsTestExecutionListener@72445aba, org.springframework.boot.test.autoconfigure.web.client.MockRestServiceServerResetTestExecutionListener@61bcd567, org.springframework.boot.test.autoconfigure.web.servlet.MockMvcPrintOnlyOnFailureTestExecutionListener@1c80e49b, org.springframework.boot.test.autoconfigure.web.servlet.WebDriverTestExecutionListener@458342d3, org.springframework.boot.test.autoconfigure.webservices.client.MockWebServiceServerTestExecutionListener@15c25153, org.spockframework.spring.SpringMockTestExecutionListener@1252b961]
09:12:09.195 [main] DEBUG org.springframework.test.annotation.ProfileValueUtils - Retrieved @ProfileValueSourceConfiguration [null] for test class [mx.gob.oadprs.sicosel.controllers.CatalogosControllerSpec]
09:12:09.195 [main] DEBUG org.springframework.test.annotation.ProfileValueUtils - Retrieved ProfileValueSource type [class org.springframework.test.annotation.SystemProfileValueSource] for class [mx.gob.oadprs.sicosel.controllers.CatalogosControllerSpec]
09:12:09.195 [main] DEBUG org.springframework.test.annotation.ProfileValueUtils - Retrieved @ProfileValueSourceConfiguration [null] for test class [mx.gob.oadprs.sicosel.controllers.CatalogosControllerSpec]
09:12:09.195 [main] DEBUG org.springframework.test.annotation.ProfileValueUtils - Retrieved ProfileValueSource type [class org.springframework.test.annotation.SystemProfileValueSource] for class [mx.gob.oadprs.sicosel.controllers.CatalogosControllerSpec]
09:12:09.196 [main] DEBUG org.springframework.test.annotation.ProfileValueUtils - Retrieved @ProfileValueSourceConfiguration [null] for test class [mx.gob.oadprs.sicosel.controllers.CatalogosControllerSpec]
09:12:09.196 [main] DEBUG org.springframework.test.annotation.ProfileValueUtils - Retrieved ProfileValueSource type [class org.springframework.test.annotation.SystemProfileValueSource] for class [mx.gob.oadprs.sicosel.controllers.CatalogosControllerSpec]
09:12:09.196 [main] DEBUG org.springframework.test.annotation.ProfileValueUtils - Retrieved @ProfileValueSourceConfiguration [null] for test class [mx.gob.oadprs.sicosel.controllers.CatalogosControllerSpec]
09:12:09.196 [main] DEBUG org.springframework.test.annotation.ProfileValueUtils - Retrieved ProfileValueSource type [class org.springframework.test.annotation.SystemProfileValueSource] for class [mx.gob.oadprs.sicosel.controllers.CatalogosControllerSpec]
09:12:09.196 [main] DEBUG org.springframework.test.annotation.ProfileValueUtils - Retrieved @ProfileValueSourceConfiguration [null] for test class [mx.gob.oadprs.sicosel.controllers.CatalogosControllerSpec]
09:12:09.196 [main] DEBUG org.springframework.test.annotation.ProfileValueUtils - Retrieved ProfileValueSource type [class org.springframework.test.annotation.SystemProfileValueSource] for class [mx.gob.oadprs.sicosel.controllers.CatalogosControllerSpec]
09:12:09.196 [main] DEBUG org.springframework.test.annotation.ProfileValueUtils - Retrieved @ProfileValueSourceConfiguration [null] for test class [mx.gob.oadprs.sicosel.controllers.CatalogosControllerSpec]
09:12:09.196 [main] DEBUG org.springframework.test.annotation.ProfileValueUtils - Retrieved ProfileValueSource type [class org.springframework.test.annotation.SystemProfileValueSource] for class [mx.gob.oadprs.sicosel.controllers.CatalogosControllerSpec]
09:12:09.196 [main] DEBUG org.springframework.test.annotation.ProfileValueUtils - Retrieved @ProfileValueSourceConfiguration [null] for test class [mx.gob.oadprs.sicosel.controllers.CatalogosControllerSpec]
09:12:09.196 [main] DEBUG org.springframework.test.annotation.ProfileValueUtils - Retrieved ProfileValueSource type [class org.springframework.test.annotation.SystemProfileValueSource] for class [mx.gob.oadprs.sicosel.controllers.CatalogosControllerSpec]
09:12:09.196 [main] DEBUG org.springframework.test.annotation.ProfileValueUtils - Retrieved @ProfileValueSourceConfiguration [null] for test class [mx.gob.oadprs.sicosel.controllers.CatalogosControllerSpec]
09:12:09.196 [main] DEBUG org.springframework.test.annotation.ProfileValueUtils - Retrieved ProfileValueSource type [class org.springframework.test.annotation.SystemProfileValueSource] for class [mx.gob.oadprs.sicosel.controllers.CatalogosControllerSpec]
09:12:09.196 [main] DEBUG org.springframework.test.annotation.ProfileValueUtils - Retrieved @ProfileValueSourceConfiguration [null] for test class [mx.gob.oadprs.sicosel.controllers.CatalogosControllerSpec]
09:12:09.196 [main] DEBUG org.springframework.test.annotation.ProfileValueUtils - Retrieved ProfileValueSource type [class org.springframework.test.annotation.SystemProfileValueSource] for class [mx.gob.oadprs.sicosel.controllers.CatalogosControllerSpec]
09:12:09.196 [main] DEBUG org.springframework.test.annotation.ProfileValueUtils - Retrieved @ProfileValueSourceConfiguration [null] for test class [mx.gob.oadprs.sicosel.controllers.CatalogosControllerSpec]
09:12:09.196 [main] DEBUG org.springframework.test.annotation.ProfileValueUtils - Retrieved ProfileValueSource type [class org.springframework.test.annotation.SystemProfileValueSource] for class [mx.gob.oadprs.sicosel.controllers.CatalogosControllerSpec]
09:12:09.197 [main] DEBUG org.springframework.test.annotation.ProfileValueUtils - Retrieved @ProfileValueSourceConfiguration [null] for test class [mx.gob.oadprs.sicosel.controllers.CatalogosControllerSpec]
09:12:09.197 [main] DEBUG org.springframework.test.annotation.ProfileValueUtils - Retrieved ProfileValueSource type [class org.springframework.test.annotation.SystemProfileValueSource] for class [mx.gob.oadprs.sicosel.controllers.CatalogosControllerSpec]
09:12:09.197 [main] DEBUG org.springframework.test.context.BootstrapUtils - Instantiating CacheAwareContextLoaderDelegate from class [org.springframework.test.context.cache.DefaultCacheAwareContextLoaderDelegate]
09:12:09.197 [main] DEBUG org.springframework.test.context.BootstrapUtils - Instantiating BootstrapContext using constructor [public org.springframework.test.context.support.DefaultBootstrapContext(java.lang.Class,org.springframework.test.context.CacheAwareContextLoaderDelegate)]
09:12:09.197 [main] DEBUG org.springframework.test.context.BootstrapUtils - Instantiating TestContextBootstrapper for test class [mx.gob.oadprs.sicosel.controllers.CatalogosControllerSpec] from class [org.springframework.boot.test.context.SpringBootTestContextBootstrapper]
09:12:09.198 [main] INFO org.springframework.boot.test.context.SpringBootTestContextBootstrapper - Neither @ContextConfiguration nor @ContextHierarchy found for test class [mx.gob.oadprs.sicosel.controllers.CatalogosControllerSpec], using SpringBootContextLoader
09:12:09.198 [main] DEBUG org.springframework.test.context.support.AbstractContextLoader - Did not detect default resource location for test class [mx.gob.oadprs.sicosel.controllers.CatalogosControllerSpec]: class path resource [mx/gob/oadprs/sicosel/controllers/CatalogosControllerSpec-context.xml] does not exist
09:12:09.198 [main] DEBUG org.springframework.test.context.support.AbstractContextLoader - Did not detect default resource location for test class [mx.gob.oadprs.sicosel.controllers.CatalogosControllerSpec]: class path resource [mx/gob/oadprs/sicosel/controllers/CatalogosControllerSpecContext.groovy] does not exist
09:12:09.198 [main] INFO org.springframework.test.context.support.AbstractContextLoader - Could not detect default resource locations for test class [mx.gob.oadprs.sicosel.controllers.CatalogosControllerSpec]: no resource found for suffixes {-context.xml, Context.groovy}.
09:12:09.199 [main] INFO org.springframework.test.context.support.AnnotationConfigContextLoaderUtils - Could not detect default configuration classes for test class [mx.gob.oadprs.sicosel.controllers.CatalogosControllerSpec]: CatalogosControllerSpec does not declare any static, non-private, non-final, nested classes annotated with @Configuration.
09:12:09.201 [main] DEBUG org.springframework.test.context.support.ActiveProfilesUtils - Could not find an 'annotation declaring class' for annotation type [org.springframework.test.context.ActiveProfiles] and class [mx.gob.oadprs.sicosel.controllers.CatalogosControllerSpec]
09:12:09.201 [main] INFO org.springframework.boot.test.context.SpringBootTestContextBootstrapper - Found @SpringBootConfiguration mx.gob.oadprs.sicosel.PsrApplication for test class mx.gob.oadprs.sicosel.controllers.CatalogosControllerSpec
09:12:09.202 [main] DEBUG org.springframework.boot.test.context.SpringBootTestContextBootstrapper - @TestExecutionListeners is not present for class [mx.gob.oadprs.sicosel.controllers.CatalogosControllerSpec]: using defaults.
09:12:09.202 [main] INFO org.springframework.boot.test.context.SpringBootTestContextBootstrapper - Loaded default TestExecutionListener class names from location [META-INF/spring.factories]: [org.springframework.boot.test.mock.mockito.MockitoTestExecutionListener, org.springframework.boot.test.mock.mockito.ResetMocksTestExecutionListener, org.springframework.boot.test.autoconfigure.restdocs.RestDocsTestExecutionListener, org.springframework.boot.test.autoconfigure.web.client.MockRestServiceServerResetTestExecutionListener, org.springframework.boot.test.autoconfigure.web.servlet.MockMvcPrintOnlyOnFailureTestExecutionListener, org.springframework.boot.test.autoconfigure.web.servlet.WebDriverTestExecutionListener, org.springframework.boot.test.autoconfigure.webservices.client.MockWebServiceServerTestExecutionListener, org.springframework.test.context.web.ServletTestExecutionListener, org.springframework.test.context.support.DirtiesContextBeforeModesTestExecutionListener, org.springframework.test.context.event.ApplicationEventsTestExecutionListener, org.springframework.test.context.support.DependencyInjectionTestExecutionListener, org.springframework.test.context.support.DirtiesContextTestExecutionListener, org.springframework.test.context.transaction.TransactionalTestExecutionListener, org.springframework.test.context.jdbc.SqlScriptsTestExecutionListener, org.springframework.test.context.event.EventPublishingTestExecutionListener, org.spockframework.spring.SpringMockTestExecutionListener]
09:12:09.202 [main] INFO org.springframework.boot.test.context.SpringBootTestContextBootstrapper - Using TestExecutionListeners: [org.springframework.test.context.web.ServletTestExecutionListener@6b54655f, org.springframework.test.context.support.DirtiesContextBeforeModesTestExecutionListener@665e9289, org.springframework.test.context.event.ApplicationEventsTestExecutionListener@7d3430a7, org.springframework.boot.test.mock.mockito.MockitoTestExecutionListener@6f603e89, org.springframework.boot.test.autoconfigure.SpringBootDependencyInjectionTestExecutionListener@2756c0a7, org.springframework.test.context.support.DirtiesContextTestExecutionListener@350ec41e, org.springframework.test.context.transaction.TransactionalTestExecutionListener@69637b10, org.springframework.test.context.jdbc.SqlScriptsTestExecutionListener@71984c3, org.springframework.test.context.event.EventPublishingTestExecutionListener@165b2f7f, org.springframework.boot.test.mock.mockito.ResetMocksTestExecutionListener@5536379e, org.springframework.boot.test.autoconfigure.restdocs.RestDocsTestExecutionListener@277f7dd3, org.springframework.boot.test.autoconfigure.web.client.MockRestServiceServerResetTestExecutionListener@6c8bca63, org.springframework.boot.test.autoconfigure.web.servlet.MockMvcPrintOnlyOnFailureTestExecutionListener@2364305a, org.springframework.boot.test.autoconfigure.web.servlet.WebDriverTestExecutionListener@470a696f, org.springframework.boot.test.autoconfigure.webservices.client.MockWebServiceServerTestExecutionListener@1bc715b8, org.spockframework.spring.SpringMockTestExecutionListener@292d1c71]
09:12:09.207 [main] DEBUG org.springframework.test.annotation.ProfileValueUtils - Retrieved @ProfileValueSourceConfiguration [null] for test class [mx.gob.oadprs.sicosel.controllers.DomicilioControllerSpec]
09:12:09.207 [main] DEBUG org.springframework.test.annotation.ProfileValueUtils - Retrieved ProfileValueSource type [class org.springframework.test.annotation.SystemProfileValueSource] for class [mx.gob.oadprs.sicosel.controllers.DomicilioControllerSpec]
09:12:09.207 [main] DEBUG org.springframework.test.annotation.ProfileValueUtils - Retrieved @ProfileValueSourceConfiguration [null] for test class [mx.gob.oadprs.sicosel.controllers.DomicilioControllerSpec]
09:12:09.207 [main] DEBUG org.springframework.test.annotation.ProfileValueUtils - Retrieved ProfileValueSource type [class org.springframework.test.annotation.SystemProfileValueSource] for class [mx.gob.oadprs.sicosel.controllers.DomicilioControllerSpec]
09:12:09.207 [main] DEBUG org.springframework.test.annotation.ProfileValueUtils - Retrieved @ProfileValueSourceConfiguration [null] for test class [mx.gob.oadprs.sicosel.controllers.DomicilioControllerSpec]
09:12:09.207 [main] DEBUG org.springframework.test.annotation.ProfileValueUtils - Retrieved ProfileValueSource type [class org.springframework.test.annotation.SystemProfileValueSource] for class [mx.gob.oadprs.sicosel.controllers.DomicilioControllerSpec]
09:12:09.207 [main] DEBUG org.springframework.test.context.BootstrapUtils - Instantiating CacheAwareContextLoaderDelegate from class [org.springframework.test.context.cache.DefaultCacheAwareContextLoaderDelegate]
09:12:09.207 [main] DEBUG org.springframework.test.context.BootstrapUtils - Instantiating BootstrapContext using constructor [public org.springframework.test.context.support.DefaultBootstrapContext(java.lang.Class,org.springframework.test.context.CacheAwareContextLoaderDelegate)]
09:12:09.208 [main] DEBUG org.springframework.test.context.BootstrapUtils - Instantiating TestContextBootstrapper for test class [mx.gob.oadprs.sicosel.controllers.DomicilioControllerSpec] from class [org.springframework.boot.test.context.SpringBootTestContextBootstrapper]
09:12:09.208 [main] INFO org.springframework.boot.test.context.SpringBootTestContextBootstrapper - Neither @ContextConfiguration nor @ContextHierarchy found for test class [mx.gob.oadprs.sicosel.controllers.DomicilioControllerSpec], using SpringBootContextLoader
09:12:09.208 [main] DEBUG org.springframework.test.context.support.AbstractContextLoader - Did not detect default resource location for test class [mx.gob.oadprs.sicosel.controllers.DomicilioControllerSpec]: class path resource [mx/gob/oadprs/sicosel/controllers/DomicilioControllerSpec-context.xml] does not exist
09:12:09.209 [main] DEBUG org.springframework.test.context.support.AbstractContextLoader - Did not detect default resource location for test class [mx.gob.oadprs.sicosel.controllers.DomicilioControllerSpec]: class path resource [mx/gob/oadprs/sicosel/controllers/DomicilioControllerSpecContext.groovy] does not exist
09:12:09.209 [main] INFO org.springframework.test.context.support.AbstractContextLoader - Could not detect default resource locations for test class [mx.gob.oadprs.sicosel.controllers.DomicilioControllerSpec]: no resource found for suffixes {-context.xml, Context.groovy}.
09:12:09.209 [main] INFO org.springframework.test.context.support.AnnotationConfigContextLoaderUtils - Could not detect default configuration classes for test class [mx.gob.oadprs.sicosel.controllers.DomicilioControllerSpec]: DomicilioControllerSpec does not declare any static, non-private, non-final, nested classes annotated with @Configuration.
09:12:09.211 [main] DEBUG org.springframework.test.context.support.ActiveProfilesUtils - Could not find an 'annotation declaring class' for annotation type [org.springframework.test.context.ActiveProfiles] and class [mx.gob.oadprs.sicosel.controllers.DomicilioControllerSpec]
09:12:09.212 [main] INFO org.springframework.boot.test.context.SpringBootTestContextBootstrapper - Found @SpringBootConfiguration mx.gob.oadprs.sicosel.PsrApplication for test class mx.gob.oadprs.sicosel.controllers.DomicilioControllerSpec
09:12:09.213 [main] DEBUG org.springframework.boot.test.context.SpringBootTestContextBootstrapper - @TestExecutionListeners is not present for class [mx.gob.oadprs.sicosel.controllers.DomicilioControllerSpec]: using defaults.
09:12:09.213 [main] INFO org.springframework.boot.test.context.SpringBootTestContextBootstrapper - Loaded default TestExecutionListener class names from location [META-INF/spring.factories]: [org.springframework.boot.test.mock.mockito.MockitoTestExecutionListener, org.springframework.boot.test.mock.mockito.ResetMocksTestExecutionListener, org.springframework.boot.test.autoconfigure.restdocs.RestDocsTestExecutionListener, org.springframework.boot.test.autoconfigure.web.client.MockRestServiceServerResetTestExecutionListener, org.springframework.boot.test.autoconfigure.web.servlet.MockMvcPrintOnlyOnFailureTestExecutionListener, org.springframework.boot.test.autoconfigure.web.servlet.WebDriverTestExecutionListener, org.springframework.boot.test.autoconfigure.webservices.client.MockWebServiceServerTestExecutionListener, org.springframework.test.context.web.ServletTestExecutionListener, org.springframework.test.context.support.DirtiesContextBeforeModesTestExecutionListener, org.springframework.test.context.event.ApplicationEventsTestExecutionListener, org.springframework.test.context.support.DependencyInjectionTestExecutionListener, org.springframework.test.context.support.DirtiesContextTestExecutionListener, org.springframework.test.context.transaction.TransactionalTestExecutionListener, org.springframework.test.context.jdbc.SqlScriptsTestExecutionListener, org.springframework.test.context.event.EventPublishingTestExecutionListener, org.spockframework.spring.SpringMockTestExecutionListener]
09:12:09.214 [main] INFO org.springframework.boot.test.context.SpringBootTestContextBootstrapper - Using TestExecutionListeners: [org.springframework.test.context.web.ServletTestExecutionListener@1de5f0ef, org.springframework.test.context.support.DirtiesContextBeforeModesTestExecutionListener@376a312c, org.springframework.test.context.event.ApplicationEventsTestExecutionListener@28d6290, org.springframework.boot.test.mock.mockito.MockitoTestExecutionListener@6ca0256d, org.springframework.boot.test.autoconfigure.SpringBootDependencyInjectionTestExecutionListener@5ef0d29e, org.springframework.test.context.support.DirtiesContextTestExecutionListener@38f57b3d, org.springframework.test.context.transaction.TransactionalTestExecutionListener@51850751, org.springframework.test.context.jdbc.SqlScriptsTestExecutionListener@3ce3db41, org.springframework.test.context.event.EventPublishingTestExecutionListener@64df9a61, org.springframework.boot.test.mock.mockito.ResetMocksTestExecutionListener@77602954, org.springframework.boot.test.autoconfigure.restdocs.RestDocsTestExecutionListener@e260766, org.springframework.boot.test.autoconfigure.web.client.MockRestServiceServerResetTestExecutionListener@2c3dec30, org.springframework.boot.test.autoconfigure.web.servlet.MockMvcPrintOnlyOnFailureTestExecutionListener@34a97744, org.springframework.boot.test.autoconfigure.web.servlet.WebDriverTestExecutionListener@4275c20c, org.springframework.boot.test.autoconfigure.webservices.client.MockWebServiceServerTestExecutionListener@7c56e013, org.spockframework.spring.SpringMockTestExecutionListener@3fc9dfc5]
09:12:09.218 [main] DEBUG org.springframework.test.annotation.ProfileValueUtils - Retrieved @ProfileValueSourceConfiguration [null] for test class [mx.gob.oadprs.sicosel.utils.AltisonantesSpec]
09:12:09.218 [main] DEBUG org.springframework.test.annotation.ProfileValueUtils - Retrieved ProfileValueSource type [class org.springframework.test.annotation.SystemProfileValueSource] for class [mx.gob.oadprs.sicosel.utils.AltisonantesSpec]
09:12:09.218 [main] DEBUG org.springframework.test.annotation.ProfileValueUtils - Retrieved @ProfileValueSourceConfiguration [null] for test class [mx.gob.oadprs.sicosel.utils.AltisonantesSpec]
09:12:09.219 [main] DEBUG org.springframework.test.annotation.ProfileValueUtils - Retrieved ProfileValueSource type [class org.springframework.test.annotation.SystemProfileValueSource] for class [mx.gob.oadprs.sicosel.utils.AltisonantesSpec]
09:12:09.219 [main] DEBUG org.springframework.test.context.BootstrapUtils - Instantiating CacheAwareContextLoaderDelegate from class [org.springframework.test.context.cache.DefaultCacheAwareContextLoaderDelegate]
09:12:09.219 [main] DEBUG org.springframework.test.context.BootstrapUtils - Instantiating BootstrapContext using constructor [public org.springframework.test.context.support.DefaultBootstrapContext(java.lang.Class,org.springframework.test.context.CacheAwareContextLoaderDelegate)]
09:12:09.219 [main] DEBUG org.springframework.test.context.BootstrapUtils - Instantiating TestContextBootstrapper for test class [mx.gob.oadprs.sicosel.utils.AltisonantesSpec] from class [org.springframework.boot.test.context.SpringBootTestContextBootstrapper]
09:12:09.220 [main] INFO org.springframework.boot.test.context.SpringBootTestContextBootstrapper - Neither @ContextConfiguration nor @ContextHierarchy found for test class [mx.gob.oadprs.sicosel.utils.AltisonantesSpec], using SpringBootContextLoader
09:12:09.220 [main] DEBUG org.springframework.test.context.support.AbstractContextLoader - Did not detect default resource location for test class [mx.gob.oadprs.sicosel.utils.AltisonantesSpec]: class path resource [mx/gob/oadprs/sicosel/utils/AltisonantesSpec-context.xml] does not exist
09:12:09.221 [main] DEBUG org.springframework.test.context.support.AbstractContextLoader - Did not detect default resource location for test class [mx.gob.oadprs.sicosel.utils.AltisonantesSpec]: class path resource [mx/gob/oadprs/sicosel/utils/AltisonantesSpecContext.groovy] does not exist
09:12:09.221 [main] INFO org.springframework.test.context.support.AbstractContextLoader - Could not detect default resource locations for test class [mx.gob.oadprs.sicosel.utils.AltisonantesSpec]: no resource found for suffixes {-context.xml, Context.groovy}.
09:12:09.221 [main] INFO org.springframework.test.context.support.AnnotationConfigContextLoaderUtils - Could not detect default configuration classes for test class [mx.gob.oadprs.sicosel.utils.AltisonantesSpec]: AltisonantesSpec does not declare any static, non-private, non-final, nested classes annotated with @Configuration.
09:12:09.223 [main] DEBUG org.springframework.test.context.support.ActiveProfilesUtils - Could not find an 'annotation declaring class' for annotation type [org.springframework.test.context.ActiveProfiles] and class [mx.gob.oadprs.sicosel.utils.AltisonantesSpec]
09:12:09.228 [main] DEBUG org.springframework.context.annotation.ClassPathScanningCandidateComponentProvider - Identified candidate component class: file [/home/pinky/Proyectos/infotec/psr/target/classes/mx/gob/oadprs/sicosel/PsrApplication.class]
09:12:09.228 [main] INFO org.springframework.boot.test.context.SpringBootTestContextBootstrapper - Found @SpringBootConfiguration mx.gob.oadprs.sicosel.PsrApplication for test class mx.gob.oadprs.sicosel.utils.AltisonantesSpec
09:12:09.229 [main] DEBUG org.springframework.boot.test.context.SpringBootTestContextBootstrapper - @TestExecutionListeners is not present for class [mx.gob.oadprs.sicosel.utils.AltisonantesSpec]: using defaults.
09:12:09.229 [main] INFO org.springframework.boot.test.context.SpringBootTestContextBootstrapper - Loaded default TestExecutionListener class names from location [META-INF/spring.factories]: [org.springframework.boot.test.mock.mockito.MockitoTestExecutionListener, org.springframework.boot.test.mock.mockito.ResetMocksTestExecutionListener, org.springframework.boot.test.autoconfigure.restdocs.RestDocsTestExecutionListener, org.springframework.boot.test.autoconfigure.web.client.MockRestServiceServerResetTestExecutionListener, org.springframework.boot.test.autoconfigure.web.servlet.MockMvcPrintOnlyOnFailureTestExecutionListener, org.springframework.boot.test.autoconfigure.web.servlet.WebDriverTestExecutionListener, org.springframework.boot.test.autoconfigure.webservices.client.MockWebServiceServerTestExecutionListener, org.springframework.test.context.web.ServletTestExecutionListener, org.springframework.test.context.support.DirtiesContextBeforeModesTestExecutionListener, org.springframework.test.context.event.ApplicationEventsTestExecutionListener, org.springframework.test.context.support.DependencyInjectionTestExecutionListener, org.springframework.test.context.support.DirtiesContextTestExecutionListener, org.springframework.test.context.transaction.TransactionalTestExecutionListener, org.springframework.test.context.jdbc.SqlScriptsTestExecutionListener, org.springframework.test.context.event.EventPublishingTestExecutionListener, org.spockframework.spring.SpringMockTestExecutionListener]
09:12:09.230 [main] INFO org.springframework.boot.test.context.SpringBootTestContextBootstrapper - Using TestExecutionListeners: [org.springframework.test.context.web.ServletTestExecutionListener@58bf8650, org.springframework.test.context.support.DirtiesContextBeforeModesTestExecutionListener@73c60324, org.springframework.test.context.event.ApplicationEventsTestExecutionListener@71ae31b0, org.springframework.boot.test.mock.mockito.MockitoTestExecutionListener@4ba534b0, org.springframework.boot.test.autoconfigure.SpringBootDependencyInjectionTestExecutionListener@6f0ca692, org.springframework.test.context.support.DirtiesContextTestExecutionListener@2c104774, org.springframework.test.context.transaction.TransactionalTestExecutionListener@2cb3d0f7, org.springframework.test.context.jdbc.SqlScriptsTestExecutionListener@4e517165, org.springframework.test.context.event.EventPublishingTestExecutionListener@44e3760b, org.springframework.boot.test.mock.mockito.ResetMocksTestExecutionListener@6a66a204, org.springframework.boot.test.autoconfigure.restdocs.RestDocsTestExecutionListener@5860f3d7, org.springframework.boot.test.autoconfigure.web.client.MockRestServiceServerResetTestExecutionListener@1d7f7be7, org.springframework.boot.test.autoconfigure.web.servlet.MockMvcPrintOnlyOnFailureTestExecutionListener@42f3156d, org.springframework.boot.test.autoconfigure.web.servlet.WebDriverTestExecutionListener@1ddae9b5, org.springframework.boot.test.autoconfigure.webservices.client.MockWebServiceServerTestExecutionListener@427b5f92, org.spockframework.spring.SpringMockTestExecutionListener@24bdb479]
09:12:09.241 [main] DEBUG org.springframework.test.annotation.ProfileValueUtils - Retrieved @ProfileValueSourceConfiguration [null] for test class [mx.gob.oadprs.sicosel.services.FolioServiceSpec]
09:12:09.241 [main] DEBUG org.springframework.test.annotation.ProfileValueUtils - Retrieved ProfileValueSource type [class org.springframework.test.annotation.SystemProfileValueSource] for class [mx.gob.oadprs.sicosel.services.FolioServiceSpec]
09:12:09.241 [main] DEBUG org.springframework.test.annotation.ProfileValueUtils - Retrieved @ProfileValueSourceConfiguration [null] for test class [mx.gob.oadprs.sicosel.services.FolioServiceSpec]
09:12:09.241 [main] DEBUG org.springframework.test.annotation.ProfileValueUtils - Retrieved ProfileValueSource type [class org.springframework.test.annotation.SystemProfileValueSource] for class [mx.gob.oadprs.sicosel.services.FolioServiceSpec]
09:12:09.241 [main] DEBUG org.springframework.test.context.BootstrapUtils - Instantiating CacheAwareContextLoaderDelegate from class [org.springframework.test.context.cache.DefaultCacheAwareContextLoaderDelegate]
09:12:09.241 [main] DEBUG org.springframework.test.context.BootstrapUtils - Instantiating BootstrapContext using constructor [public org.springframework.test.context.support.DefaultBootstrapContext(java.lang.Class,org.springframework.test.context.CacheAwareContextLoaderDelegate)]
09:12:09.242 [main] DEBUG org.springframework.test.context.BootstrapUtils - Instantiating TestContextBootstrapper for test class [mx.gob.oadprs.sicosel.services.FolioServiceSpec] from class [org.springframework.boot.test.context.SpringBootTestContextBootstrapper]
09:12:09.242 [main] INFO org.springframework.boot.test.context.SpringBootTestContextBootstrapper - Neither @ContextConfiguration nor @ContextHierarchy found for test class [mx.gob.oadprs.sicosel.services.FolioServiceSpec], using SpringBootContextLoader
09:12:09.243 [main] DEBUG org.springframework.test.context.support.AbstractContextLoader - Did not detect default resource location for test class [mx.gob.oadprs.sicosel.services.FolioServiceSpec]: class path resource [mx/gob/oadprs/sicosel/services/FolioServiceSpec-context.xml] does not exist
09:12:09.243 [main] DEBUG org.springframework.test.context.support.AbstractContextLoader - Did not detect default resource location for test class [mx.gob.oadprs.sicosel.services.FolioServiceSpec]: class path resource [mx/gob/oadprs/sicosel/services/FolioServiceSpecContext.groovy] does not exist
09:12:09.243 [main] INFO org.springframework.test.context.support.AbstractContextLoader - Could not detect default resource locations for test class [mx.gob.oadprs.sicosel.services.FolioServiceSpec]: no resource found for suffixes {-context.xml, Context.groovy}.
09:12:09.243 [main] INFO org.springframework.test.context.support.AnnotationConfigContextLoaderUtils - Could not detect default configuration classes for test class [mx.gob.oadprs.sicosel.services.FolioServiceSpec]: FolioServiceSpec does not declare any static, non-private, non-final, nested classes annotated with @Configuration.
09:12:09.244 [main] DEBUG org.springframework.test.context.support.ActiveProfilesUtils - Could not find an 'annotation declaring class' for annotation type [org.springframework.test.context.ActiveProfiles] and class [mx.gob.oadprs.sicosel.services.FolioServiceSpec]
09:12:09.244 [main] INFO org.springframework.boot.test.context.SpringBootTestContextBootstrapper - Found @SpringBootConfiguration mx.gob.oadprs.sicosel.PsrApplication for test class mx.gob.oadprs.sicosel.services.FolioServiceSpec
09:12:09.245 [main] DEBUG org.springframework.boot.test.context.SpringBootTestContextBootstrapper - @TestExecutionListeners is not present for class [mx.gob.oadprs.sicosel.services.FolioServiceSpec]: using defaults.
09:12:09.245 [main] INFO org.springframework.boot.test.context.SpringBootTestContextBootstrapper - Loaded default TestExecutionListener class names from location [META-INF/spring.factories]: [org.springframework.boot.test.mock.mockito.MockitoTestExecutionListener, org.springframework.boot.test.mock.mockito.ResetMocksTestExecutionListener, org.springframework.boot.test.autoconfigure.restdocs.RestDocsTestExecutionListener, org.springframework.boot.test.autoconfigure.web.client.MockRestServiceServerResetTestExecutionListener, org.springframework.boot.test.autoconfigure.web.servlet.MockMvcPrintOnlyOnFailureTestExecutionListener, org.springframework.boot.test.autoconfigure.web.servlet.WebDriverTestExecutionListener, org.springframework.boot.test.autoconfigure.webservices.client.MockWebServiceServerTestExecutionListener, org.springframework.test.context.web.ServletTestExecutionListener, org.springframework.test.context.support.DirtiesContextBeforeModesTestExecutionListener, org.springframework.test.context.event.ApplicationEventsTestExecutionListener, org.springframework.test.context.support.DependencyInjectionTestExecutionListener, org.springframework.test.context.support.DirtiesContextTestExecutionListener, org.springframework.test.context.transaction.TransactionalTestExecutionListener, org.springframework.test.context.jdbc.SqlScriptsTestExecutionListener, org.springframework.test.context.event.EventPublishingTestExecutionListener, org.spockframework.spring.SpringMockTestExecutionListener]
09:12:09.246 [main] INFO org.springframework.boot.test.context.SpringBootTestContextBootstrapper - Using TestExecutionListeners: [org.springframework.test.context.web.ServletTestExecutionListener@4c6daf0, org.springframework.test.context.support.DirtiesContextBeforeModesTestExecutionListener@10650953, org.springframework.test.context.event.ApplicationEventsTestExecutionListener@659eef7, org.springframework.boot.test.mock.mockito.MockitoTestExecutionListener@162be91c, org.springframework.boot.test.autoconfigure.SpringBootDependencyInjectionTestExecutionListener@2488b073, org.springframework.test.context.support.DirtiesContextTestExecutionListener@1c9f0a20, org.springframework.test.context.transaction.TransactionalTestExecutionListener@55787112, org.springframework.test.context.jdbc.SqlScriptsTestExecutionListener@1cd201a8, org.springframework.test.context.event.EventPublishingTestExecutionListener@7db82169, org.springframework.boot.test.mock.mockito.ResetMocksTestExecutionListener@1992eaf4, org.springframework.boot.test.autoconfigure.restdocs.RestDocsTestExecutionListener@f74e835, org.springframework.boot.test.autoconfigure.web.client.MockRestServiceServerResetTestExecutionListener@3276732, org.springframework.boot.test.autoconfigure.web.servlet.MockMvcPrintOnlyOnFailureTestExecutionListener@3f28bd56, org.springframework.boot.test.autoconfigure.web.servlet.WebDriverTestExecutionListener@31e3250d, org.springframework.boot.test.autoconfigure.webservices.client.MockWebServiceServerTestExecutionListener@19fe4644, org.spockframework.spring.SpringMockTestExecutionListener@21d8bcbe]
09:12:09.246 [main] DEBUG org.springframework.test.annotation.ProfileValueUtils - Retrieved @ProfileValueSourceConfiguration [null] for test class [mx.gob.oadprs.sicosel.controllers.LoginControllerSpec]
09:12:09.246 [main] DEBUG org.springframework.test.annotation.ProfileValueUtils - Retrieved ProfileValueSource type [class org.springframework.test.annotation.SystemProfileValueSource] for class [mx.gob.oadprs.sicosel.controllers.LoginControllerSpec]
09:12:09.246 [main] DEBUG org.springframework.test.annotation.ProfileValueUtils - Retrieved @ProfileValueSourceConfiguration [null] for test class [mx.gob.oadprs.sicosel.controllers.LoginControllerSpec]
09:12:09.246 [main] DEBUG org.springframework.test.annotation.ProfileValueUtils - Retrieved ProfileValueSource type [class org.springframework.test.annotation.SystemProfileValueSource] for class [mx.gob.oadprs.sicosel.controllers.LoginControllerSpec]
09:12:09.246 [main] DEBUG org.springframework.test.annotation.ProfileValueUtils - Retrieved @ProfileValueSourceConfiguration [null] for test class [mx.gob.oadprs.sicosel.controllers.LoginControllerSpec]
09:12:09.246 [main] DEBUG org.springframework.test.annotation.ProfileValueUtils - Retrieved ProfileValueSource type [class org.springframework.test.annotation.SystemProfileValueSource] for class [mx.gob.oadprs.sicosel.controllers.LoginControllerSpec]
09:12:09.246 [main] DEBUG org.springframework.test.context.BootstrapUtils - Instantiating CacheAwareContextLoaderDelegate from class [org.springframework.test.context.cache.DefaultCacheAwareContextLoaderDelegate]
09:12:09.246 [main] DEBUG org.springframework.test.context.BootstrapUtils - Instantiating BootstrapContext using constructor [public org.springframework.test.context.support.DefaultBootstrapContext(java.lang.Class,org.springframework.test.context.CacheAwareContextLoaderDelegate)]
09:12:09.247 [main] DEBUG org.springframework.test.context.BootstrapUtils - Instantiating TestContextBootstrapper for test class [mx.gob.oadprs.sicosel.controllers.LoginControllerSpec] from class [org.springframework.boot.test.context.SpringBootTestContextBootstrapper]
09:12:09.247 [main] INFO org.springframework.boot.test.context.SpringBootTestContextBootstrapper - Neither @ContextConfiguration nor @ContextHierarchy found for test class [mx.gob.oadprs.sicosel.controllers.LoginControllerSpec], using SpringBootContextLoader
09:12:09.247 [main] DEBUG org.springframework.test.context.support.AbstractContextLoader - Did not detect default resource location for test class [mx.gob.oadprs.sicosel.controllers.LoginControllerSpec]: class path resource [mx/gob/oadprs/sicosel/controllers/LoginControllerSpec-context.xml] does not exist
09:12:09.247 [main] DEBUG org.springframework.test.context.support.AbstractContextLoader - Did not detect default resource location for test class [mx.gob.oadprs.sicosel.controllers.LoginControllerSpec]: class path resource [mx/gob/oadprs/sicosel/controllers/LoginControllerSpecContext.groovy] does not exist
09:12:09.247 [main] INFO org.springframework.test.context.support.AbstractContextLoader - Could not detect default resource locations for test class [mx.gob.oadprs.sicosel.controllers.LoginControllerSpec]: no resource found for suffixes {-context.xml, Context.groovy}.
09:12:09.247 [main] INFO org.springframework.test.context.support.AnnotationConfigContextLoaderUtils - Could not detect default configuration classes for test class [mx.gob.oadprs.sicosel.controllers.LoginControllerSpec]: LoginControllerSpec does not declare any static, non-private, non-final, nested classes annotated with @Configuration.
09:12:09.249 [main] DEBUG org.springframework.test.context.support.ActiveProfilesUtils - Could not find an 'annotation declaring class' for annotation type [org.springframework.test.context.ActiveProfiles] and class [mx.gob.oadprs.sicosel.controllers.LoginControllerSpec]
09:12:09.249 [main] INFO org.springframework.boot.test.context.SpringBootTestContextBootstrapper - Found @SpringBootConfiguration mx.gob.oadprs.sicosel.PsrApplication for test class mx.gob.oadprs.sicosel.controllers.LoginControllerSpec
09:12:09.250 [main] DEBUG org.springframework.boot.test.context.SpringBootTestContextBootstrapper - @TestExecutionListeners is not present for class [mx.gob.oadprs.sicosel.controllers.LoginControllerSpec]: using defaults.
09:12:09.250 [main] INFO org.springframework.boot.test.context.SpringBootTestContextBootstrapper - Loaded default TestExecutionListener class names from location [META-INF/spring.factories]: [org.springframework.boot.test.mock.mockito.MockitoTestExecutionListener, org.springframework.boot.test.mock.mockito.ResetMocksTestExecutionListener, org.springframework.boot.test.autoconfigure.restdocs.RestDocsTestExecutionListener, org.springframework.boot.test.autoconfigure.web.client.MockRestServiceServerResetTestExecutionListener, org.springframework.boot.test.autoconfigure.web.servlet.MockMvcPrintOnlyOnFailureTestExecutionListener, org.springframework.boot.test.autoconfigure.web.servlet.WebDriverTestExecutionListener, org.springframework.boot.test.autoconfigure.webservices.client.MockWebServiceServerTestExecutionListener, org.springframework.test.context.web.ServletTestExecutionListener, org.springframework.test.context.support.DirtiesContextBeforeModesTestExecutionListener, org.springframework.test.context.event.ApplicationEventsTestExecutionListener, org.springframework.test.context.support.DependencyInjectionTestExecutionListener, org.springframework.test.context.support.DirtiesContextTestExecutionListener, org.springframework.test.context.transaction.TransactionalTestExecutionListener, org.springframework.test.context.jdbc.SqlScriptsTestExecutionListener, org.springframework.test.context.event.EventPublishingTestExecutionListener, org.spockframework.spring.SpringMockTestExecutionListener]
09:12:09.251 [main] INFO org.springframework.boot.test.context.SpringBootTestContextBootstrapper - Using TestExecutionListeners: [org.springframework.test.context.web.ServletTestExecutionListener@5be067de, org.springframework.test.context.support.DirtiesContextBeforeModesTestExecutionListener@7383eae2, org.springframework.test.context.event.ApplicationEventsTestExecutionListener@18245eb0, org.springframework.boot.test.mock.mockito.MockitoTestExecutionListener@7c7d3c46, org.springframework.boot.test.autoconfigure.SpringBootDependencyInjectionTestExecutionListener@24fb6a80, org.springframework.test.context.support.DirtiesContextTestExecutionListener@48c35007, org.springframework.test.context.transaction.TransactionalTestExecutionListener@72a85671, org.springframework.test.context.jdbc.SqlScriptsTestExecutionListener@6722db6e, org.springframework.test.context.event.EventPublishingTestExecutionListener@18f20260, org.springframework.boot.test.mock.mockito.ResetMocksTestExecutionListener@4ae33a11, org.springframework.boot.test.autoconfigure.restdocs.RestDocsTestExecutionListener@7a48e6e2, org.springframework.boot.test.autoconfigure.web.client.MockRestServiceServerResetTestExecutionListener@b40bb6e, org.springframework.boot.test.autoconfigure.web.servlet.MockMvcPrintOnlyOnFailureTestExecutionListener@3a94964, org.springframework.boot.test.autoconfigure.web.servlet.WebDriverTestExecutionListener@5049d8b2, org.springframework.boot.test.autoconfigure.webservices.client.MockWebServiceServerTestExecutionListener@6d0b5baf, org.spockframework.spring.SpringMockTestExecutionListener@631e06ab]
09:12:09.251 [main] DEBUG org.springframework.test.annotation.ProfileValueUtils - Retrieved @ProfileValueSourceConfiguration [null] for test class [mx.gob.oadprs.sicosel.controllers.SentenciadoControllerSpec]
09:12:09.252 [main] DEBUG org.springframework.test.annotation.ProfileValueUtils - Retrieved ProfileValueSource type [class org.springframework.test.annotation.SystemProfileValueSource] for class [mx.gob.oadprs.sicosel.controllers.SentenciadoControllerSpec]
09:12:09.252 [main] DEBUG org.springframework.test.annotation.ProfileValueUtils - Retrieved @ProfileValueSourceConfiguration [null] for test class [mx.gob.oadprs.sicosel.controllers.SentenciadoControllerSpec]
09:12:09.252 [main] DEBUG org.springframework.test.annotation.ProfileValueUtils - Retrieved ProfileValueSource type [class org.springframework.test.annotation.SystemProfileValueSource] for class [mx.gob.oadprs.sicosel.controllers.SentenciadoControllerSpec]
09:12:09.252 [main] DEBUG org.springframework.test.annotation.ProfileValueUtils - Retrieved @ProfileValueSourceConfiguration [null] for test class [mx.gob.oadprs.sicosel.controllers.SentenciadoControllerSpec]
09:12:09.252 [main] DEBUG org.springframework.test.annotation.ProfileValueUtils - Retrieved ProfileValueSource type [class org.springframework.test.annotation.SystemProfileValueSource] for class [mx.gob.oadprs.sicosel.controllers.SentenciadoControllerSpec]
09:12:09.252 [main] DEBUG org.springframework.test.annotation.ProfileValueUtils - Retrieved @ProfileValueSourceConfiguration [null] for test class [mx.gob.oadprs.sicosel.controllers.SentenciadoControllerSpec]
09:12:09.252 [main] DEBUG org.springframework.test.annotation.ProfileValueUtils - Retrieved ProfileValueSource type [class org.springframework.test.annotation.SystemProfileValueSource] for class [mx.gob.oadprs.sicosel.controllers.SentenciadoControllerSpec]
09:12:09.252 [main] DEBUG org.springframework.test.annotation.ProfileValueUtils - Retrieved @ProfileValueSourceConfiguration [null] for test class [mx.gob.oadprs.sicosel.controllers.SentenciadoControllerSpec]
09:12:09.252 [main] DEBUG org.springframework.test.annotation.ProfileValueUtils - Retrieved ProfileValueSource type [class org.springframework.test.annotation.SystemProfileValueSource] for class [mx.gob.oadprs.sicosel.controllers.SentenciadoControllerSpec]
09:12:09.252 [main] DEBUG org.springframework.test.annotation.ProfileValueUtils - Retrieved @ProfileValueSourceConfiguration [null] for test class [mx.gob.oadprs.sicosel.controllers.SentenciadoControllerSpec]
09:12:09.252 [main] DEBUG org.springframework.test.annotation.ProfileValueUtils - Retrieved ProfileValueSource type [class org.springframework.test.annotation.SystemProfileValueSource] for class [mx.gob.oadprs.sicosel.controllers.SentenciadoControllerSpec]
09:12:09.252 [main] DEBUG org.springframework.test.context.BootstrapUtils - Instantiating CacheAwareContextLoaderDelegate from class [org.springframework.test.context.cache.DefaultCacheAwareContextLoaderDelegate]
09:12:09.253 [main] DEBUG org.springframework.test.context.BootstrapUtils - Instantiating BootstrapContext using constructor [public org.springframework.test.context.support.DefaultBootstrapContext(java.lang.Class,org.springframework.test.context.CacheAwareContextLoaderDelegate)]
09:12:09.253 [main] DEBUG org.springframework.test.context.BootstrapUtils - Instantiating TestContextBootstrapper for test class [mx.gob.oadprs.sicosel.controllers.SentenciadoControllerSpec] from class [org.springframework.boot.test.context.SpringBootTestContextBootstrapper]
09:12:09.253 [main] INFO org.springframework.boot.test.context.SpringBootTestContextBootstrapper - Neither @ContextConfiguration nor @ContextHierarchy found for test class [mx.gob.oadprs.sicosel.controllers.SentenciadoControllerSpec], using SpringBootContextLoader
09:12:09.254 [main] DEBUG org.springframework.test.context.support.AbstractContextLoader - Did not detect default resource location for test class [mx.gob.oadprs.sicosel.controllers.SentenciadoControllerSpec]: class path resource [mx/gob/oadprs/sicosel/controllers/SentenciadoControllerSpec-context.xml] does not exist
09:12:09.254 [main] DEBUG org.springframework.test.context.support.AbstractContextLoader - Did not detect default resource location for test class [mx.gob.oadprs.sicosel.controllers.SentenciadoControllerSpec]: class path resource [mx/gob/oadprs/sicosel/controllers/SentenciadoControllerSpecContext.groovy] does not exist
09:12:09.254 [main] INFO org.springframework.test.context.support.AbstractContextLoader - Could not detect default resource locations for test class [mx.gob.oadprs.sicosel.controllers.SentenciadoControllerSpec]: no resource found for suffixes {-context.xml, Context.groovy}.
09:12:09.254 [main] INFO org.springframework.test.context.support.AnnotationConfigContextLoaderUtils - Could not detect default configuration classes for test class [mx.gob.oadprs.sicosel.controllers.SentenciadoControllerSpec]: SentenciadoControllerSpec does not declare any static, non-private, non-final, nested classes annotated with @Configuration.
09:12:09.256 [main] DEBUG org.springframework.test.context.support.ActiveProfilesUtils - Could not find an 'annotation declaring class' for annotation type [org.springframework.test.context.ActiveProfiles] and class [mx.gob.oadprs.sicosel.controllers.SentenciadoControllerSpec]
09:12:09.256 [main] INFO org.springframework.boot.test.context.SpringBootTestContextBootstrapper - Found @SpringBootConfiguration mx.gob.oadprs.sicosel.PsrApplication for test class mx.gob.oadprs.sicosel.controllers.SentenciadoControllerSpec
09:12:09.257 [main] DEBUG org.springframework.boot.test.context.SpringBootTestContextBootstrapper - @TestExecutionListeners is not present for class [mx.gob.oadprs.sicosel.controllers.SentenciadoControllerSpec]: using defaults.
09:12:09.257 [main] INFO org.springframework.boot.test.context.SpringBootTestContextBootstrapper - Loaded default TestExecutionListener class names from location [META-INF/spring.factories]: [org.springframework.boot.test.mock.mockito.MockitoTestExecutionListener, org.springframework.boot.test.mock.mockito.ResetMocksTestExecutionListener, org.springframework.boot.test.autoconfigure.restdocs.RestDocsTestExecutionListener, org.springframework.boot.test.autoconfigure.web.client.MockRestServiceServerResetTestExecutionListener, org.springframework.boot.test.autoconfigure.web.servlet.MockMvcPrintOnlyOnFailureTestExecutionListener, org.springframework.boot.test.autoconfigure.web.servlet.WebDriverTestExecutionListener, org.springframework.boot.test.autoconfigure.webservices.client.MockWebServiceServerTestExecutionListener, org.springframework.test.context.web.ServletTestExecutionListener, org.springframework.test.context.support.DirtiesContextBeforeModesTestExecutionListener, org.springframework.test.context.event.ApplicationEventsTestExecutionListener, org.springframework.test.context.support.DependencyInjectionTestExecutionListener, org.springframework.test.context.support.DirtiesContextTestExecutionListener, org.springframework.test.context.transaction.TransactionalTestExecutionListener, org.springframework.test.context.jdbc.SqlScriptsTestExecutionListener, org.springframework.test.context.event.EventPublishingTestExecutionListener, org.spockframework.spring.SpringMockTestExecutionListener]
[...]
2022-02-03 09:12:14.680  INFO 25760 --- [           main] liquibase.changelog                      : Custom SQL executed
2022-02-03 09:12:14.681  INFO 25760 --- [           main] liquibase.changelog                      : Custom SQL executed
2022-02-03 09:12:14.681  INFO 25760 --- [           main] liquibase.changelog                      : Custom SQL executed
2022-02-03 09:12:14.682  INFO 25760 --- [           main] liquibase.changelog                      : Custom SQL executed
2022-02-03 09:12:14.682  INFO 25760 --- [           main] liquibase.changelog                      : Custom SQL executed
2022-02-03 09:12:14.683  INFO 25760 --- [           main] liquibase.changelog                      : Custom SQL executed
2022-02-03 09:12:14.684  INFO 25760 --- [           main] liquibase.changelog                      : Custom SQL executed
2022-02-03 09:12:14.684  INFO 25760 --- [           main] liquibase.changelog                      : Custom SQL executed
2022-02-03 09:12:14.685  INFO 25760 --- [           main] liquibase.changelog                      : Custom SQL executed
2022-02-03 09:12:14.686  INFO 25760 --- [           main] liquibase.changelog                      : Custom SQL executed
2022-02-03 09:12:14.686  INFO 25760 --- [           main] liquibase.changelog                      : Custom SQL executed
2022-02-03 09:12:14.687  INFO 25760 --- [           main] liquibase.changelog                      : Custom SQL executed
2022-02-03 09:12:14.688  INFO 25760 --- [           main] liquibase.changelog                      : Custom SQL executed
2022-02-03 09:12:14.688  INFO 25760 --- [           main] liquibase.changelog                      : Custom SQL executed
2022-02-03 09:12:14.689  INFO 25760 --- [           main] liquibase.changelog                      : Custom SQL executed
2022-02-03 09:12:14.689  INFO 25760 --- [           main] liquibase.changelog                      : Custom SQL executed
2022-02-03 09:12:14.689  INFO 25760 --- [           main] liquibase.changelog                      : Custom SQL executed
2022-02-03 09:12:14.690  INFO 25760 --- [           main] liquibase.changelog                      : Custom SQL executed
2022-02-03 09:12:14.690  INFO 25760 --- [           main] liquibase.changelog                      : Custom SQL executed
2022-02-03 09:12:14.691  INFO 25760 --- [           main] liquibase.changelog                      : Custom SQL executed
2022-02-03 09:12:14.691  INFO 25760 --- [           main] liquibase.changelog                      : Custom SQL executed
2022-02-03 09:12:14.691  INFO 25760 --- [           main] liquibase.changelog                      : Custom SQL executed
2022-02-03 09:12:14.692  INFO 25760 --- [           main] liquibase.changelog                      : Custom SQL executed
2022-02-03 09:12:14.692  INFO 25760 --- [           main] liquibase.changelog                      : ChangeSet db/data/pais_data.yaml::pais_data::alejandro.hernandez ran successfully in 80ms
2022-02-03 09:12:14.694  INFO 25760 --- [           main] liquibase.changelog                      : New row inserted into cat_escolaridad
2022-02-03 09:12:14.695  INFO 25760 --- [           main] liquibase.changelog                      : New row inserted into cat_escolaridad
2022-02-03 09:12:14.696  INFO 25760 --- [           main] liquibase.changelog                      : New row inserted into cat_escolaridad
2022-02-03 09:12:14.697  INFO 25760 --- [           main] liquibase.changelog                      : New row inserted into cat_escolaridad
2022-02-03 09:12:14.698  INFO 25760 --- [           main] liquibase.changelog                      : New row inserted into cat_escolaridad
2022-02-03 09:12:14.699  INFO 25760 --- [           main] liquibase.changelog                      : New row inserted into cat_escolaridad
2022-02-03 09:12:14.699  INFO 25760 --- [           main] liquibase.changelog                      : New row inserted into cat_escolaridad
2022-02-03 09:12:14.700  INFO 25760 --- [           main] liquibase.changelog                      : New row inserted into cat_escolaridad
2022-02-03 09:12:14.701  INFO 25760 --- [           main] liquibase.changelog                      : New row inserted into cat_escolaridad
2022-02-03 09:12:14.702  INFO 25760 --- [           main] liquibase.changelog                      : New row inserted into cat_escolaridad
2022-02-03 09:12:14.703  INFO 25760 --- [           main] liquibase.changelog                      : New row inserted into cat_escolaridad
2022-02-03 09:12:14.704  INFO 25760 --- [           main] liquibase.changelog                      : New row inserted into cat_escolaridad
2022-02-03 09:12:14.704  INFO 25760 --- [           main] liquibase.changelog                      : New row inserted into cat_escolaridad
2022-02-03 09:12:14.705  INFO 25760 --- [           main] liquibase.changelog                      : New row inserted into cat_escolaridad
2022-02-03 09:12:14.705  INFO 25760 --- [           main] liquibase.changelog                      : New row inserted into cat_escolaridad
2022-02-03 09:12:14.706  INFO 25760 --- [           main] liquibase.changelog                      : New row inserted into cat_escolaridad
2022-02-03 09:12:14.707  INFO 25760 --- [           main] liquibase.changelog                      : New row inserted into cat_escolaridad
2022-02-03 09:12:14.707  INFO 25760 --- [           main] liquibase.changelog                      : New row inserted into cat_escolaridad
2022-02-03 09:12:14.708  INFO 25760 --- [           main] liquibase.changelog                      : New row inserted into cat_escolaridad
2022-02-03 09:12:14.709  INFO 25760 --- [           main] liquibase.changelog                      : ChangeSet db/data/escolaridad_data.yaml::escolaridad_data::alejandro.hernandez ran successfully in 16ms
2022-02-03 09:12:14.712  INFO 25760 --- [           main] liquibase.changelog                      : Custom SQL executed
2022-02-03 09:12:14.713  INFO 25760 --- [           main] liquibase.changelog                      : Custom SQL executed
2022-02-03 09:12:14.713  INFO 25760 --- [           main] liquibase.changelog                      : Custom SQL executed
2022-02-03 09:12:14.714  INFO 25760 --- [           main] liquibase.changelog                      : Custom SQL executed
2022-02-03 09:12:14.714  INFO 25760 --- [           main] liquibase.changelog                      : Custom SQL executed
2022-02-03 09:12:14.715  INFO 25760 --- [           main] liquibase.changelog                      : Custom SQL executed
2022-02-03 09:12:14.716  INFO 25760 --- [           main] liquibase.changelog                      : Custom SQL executed
2022-02-03 09:12:14.717  INFO 25760 --- [           main] liquibase.changelog                      : Custom SQL executed
2022-02-03 09:12:14.718  INFO 25760 --- [           main] liquibase.changelog                      : Custom SQL executed
2022-02-03 09:12:14.718  INFO 25760 --- [           main] liquibase.changelog                      : Custom SQL executed
2022-02-03 09:12:14.719  INFO 25760 --- [           main] liquibase.changelog                      : Custom SQL executed
2022-02-03 09:12:14.719  INFO 25760 --- [           main] liquibase.changelog                      : Custom SQL executed
2022-02-03 09:12:14.720  INFO 25760 --- [           main] liquibase.changelog                      : Custom SQL executed
2022-02-03 09:12:14.721  INFO 25760 --- [           main] liquibase.changelog                      : Custom SQL executed
2022-02-03 09:12:14.722  INFO 25760 --- [           main] liquibase.changelog                      : Custom SQL executed
2022-02-03 09:12:14.722  INFO 25760 --- [           main] liquibase.changelog                      : Custom SQL executed
2022-02-03 09:12:14.723  INFO 25760 --- [           main] liquibase.changelog                      : Custom SQL executed
2022-02-03 09:12:14.724  INFO 25760 --- [           main] liquibase.changelog                      : Custom SQL executed
2022-02-03 09:12:14.725  INFO 25760 --- [           main] liquibase.changelog                      : Custom SQL executed
2022-02-03 09:12:14.726  INFO 25760 --- [           main] liquibase.changelog                      : Custom SQL executed
2022-02-03 09:12:14.727  INFO 25760 --- [           main] liquibase.changelog                      : Custom SQL executed
2022-02-03 09:12:14.728  INFO 25760 --- [           main] liquibase.changelog                      : Custom SQL executed
2022-02-03 09:12:14.729  INFO 25760 --- [           main] liquibase.changelog                      : Custom SQL executed
2022-02-03 09:12:14.729  INFO 25760 --- [           main] liquibase.changelog                      : Custom SQL executed
2022-02-03 09:12:14.730  INFO 25760 --- [           main] liquibase.changelog                      : Custom SQL executed
2022-02-03 09:12:14.731  INFO 25760 --- [           main] liquibase.changelog                      : Custom SQL executed
2022-02-03 09:12:14.732  INFO 25760 --- [           main] liquibase.changelog                      : Custom SQL executed
2022-02-03 09:12:14.733  INFO 25760 --- [           main] liquibase.changelog                      : Custom SQL executed
2022-02-03 09:12:14.734  INFO 25760 --- [           main] liquibase.changelog                      : Custom SQL executed
2022-02-03 09:12:14.734  INFO 25760 --- [           main] liquibase.changelog                      : Custom SQL executed
2022-02-03 09:12:14.735  INFO 25760 --- [           main] liquibase.changelog                      : Custom SQL executed
2022-02-03 09:12:14.735  INFO 25760 --- [           main] liquibase.changelog                      : Custom SQL executed
2022-02-03 09:12:14.736  INFO 25760 --- [           main] liquibase.changelog                      : Custom SQL executed
2022-02-03 09:12:14.736  INFO 25760 --- [           main] liquibase.changelog                      : Custom SQL executed
2022-02-03 09:12:14.737  INFO 25760 --- [           main] liquibase.changelog                      : Custom SQL executed
2022-02-03 09:12:14.737  INFO 25760 --- [           main] liquibase.changelog                      : Custom SQL executed
2022-02-03 09:12:14.738  INFO 25760 --- [           main] liquibase.changelog                      : Custom SQL executed
2022-02-03 09:12:14.738  INFO 25760 --- [           main] liquibase.changelog                      : Custom SQL executed
2022-02-03 09:12:14.739  INFO 25760 --- [           main] liquibase.changelog                      : Custom SQL executed
2022-02-03 09:12:14.739  INFO 25760 --- [           main] liquibase.changelog                      : Custom SQL executed
2022-02-03 09:12:14.740  INFO 25760 --- [           main] liquibase.changelog                      : Custom SQL executed
2022-02-03 09:12:14.741  INFO 25760 --- [           main] liquibase.changelog                      : Custom SQL executed
2022-02-03 09:12:14.742  INFO 25760 --- [           main] liquibase.changelog                      : Custom SQL executed
2022-02-03 09:12:14.743  INFO 25760 --- [           main] liquibase.changelog                      : Custom SQL executed
2022-02-03 09:12:14.743  INFO 25760 --- [           main] liquibase.changelog                      : Custom SQL executed
2022-02-03 09:12:14.744  INFO 25760 --- [           main] liquibase.changelog                      : Custom SQL executed
2022-02-03 09:12:14.744  INFO 25760 --- [           main] liquibase.changelog                      : Custom SQL executed
2022-02-03 09:12:14.745  INFO 25760 --- [           main] liquibase.changelog                      : Custom SQL executed
2022-02-03 09:12:14.746  INFO 25760 --- [           main] liquibase.changelog                      : Custom SQL executed
2022-02-03 09:12:14.746  INFO 25760 --- [           main] liquibase.changelog                      : Custom SQL executed
2022-02-03 09:12:14.747  INFO 25760 --- [           main] liquibase.changelog                      : Custom SQL executed
2022-02-03 09:12:14.747  INFO 25760 --- [           main] liquibase.changelog                      : Custom SQL executed
2022-02-03 09:12:14.748  INFO 25760 --- [           main] liquibase.changelog                      : Custom SQL executed
2022-02-03 09:12:14.748  INFO 25760 --- [           main] liquibase.changelog                      : Custom SQL executed
2022-02-03 09:12:14.749  INFO 25760 --- [           main] liquibase.changelog                      : Custom SQL executed
2022-02-03 09:12:14.750  INFO 25760 --- [           main] liquibase.changelog                      : Custom SQL executed
2022-02-03 09:12:14.751  INFO 25760 --- [           main] liquibase.changelog                      : Custom SQL executed
2022-02-03 09:12:14.751  INFO 25760 --- [           main] liquibase.changelog                      : Custom SQL executed
2022-02-03 09:12:14.752  INFO 25760 --- [           main] liquibase.changelog                      : Custom SQL executed
2022-02-03 09:12:14.752  INFO 25760 --- [           main] liquibase.changelog                      : Custom SQL executed
2022-02-03 09:12:14.753  INFO 25760 --- [           main] liquibase.changelog                      : Custom SQL executed
2022-02-03 09:12:14.753  INFO 25760 --- [           main] liquibase.changelog                      : Custom SQL executed
2022-02-03 09:12:14.754  INFO 25760 --- [           main] liquibase.changelog                      : Custom SQL executed
2022-02-03 09:12:14.755  INFO 25760 --- [           main] liquibase.changelog                      : Custom SQL executed
2022-02-03 09:12:14.756  INFO 25760 --- [           main] liquibase.changelog                      : Custom SQL executed
2022-02-03 09:12:14.757  INFO 25760 --- [           main] liquibase.changelog                      : Custom SQL executed
2022-02-03 09:12:14.757  INFO 25760 --- [           main] liquibase.changelog                      : Custom SQL executed
2022-02-03 09:12:14.758  INFO 25760 --- [           main] liquibase.changelog                      : Custom SQL executed
2022-02-03 09:12:14.759  INFO 25760 --- [           main] liquibase.changelog                      : Custom SQL executed
2022-02-03 09:12:14.760  INFO 25760 --- [           main] liquibase.changelog                      : Custom SQL executed
2022-02-03 09:12:14.760  INFO 25760 --- [           main] liquibase.changelog                      : Custom SQL executed
2022-02-03 09:12:14.760  INFO 25760 --- [           main] liquibase.changelog                      : ChangeSet db/data/etnia_data.yaml::etnia_data::alejandro.hernandez ran successfully in 49ms
2022-02-03 09:12:14.763  INFO 25760 --- [           main] liquibase.changelog                      : Custom SQL executed
2022-02-03 09:12:14.764  INFO 25760 --- [           main] liquibase.changelog                      : Custom SQL executed
2022-02-03 09:12:14.764  INFO 25760 --- [           main] liquibase.changelog                      : ChangeSet db/data/ocupacion_data.yaml::ocupacion_data::alejandro.hernandez ran successfully in 2ms
2022-02-03 09:12:14.766  INFO 25760 --- [           main] liquibase.changelog                      : Custom SQL executed
2022-02-03 09:12:14.766  INFO 25760 --- [           main] liquibase.changelog                      : Custom SQL executed
2022-02-03 09:12:14.767  INFO 25760 --- [           main] liquibase.changelog                      : Custom SQL executed
2022-02-03 09:12:14.767  INFO 25760 --- [           main] liquibase.changelog                      : ChangeSet db/data/parentesco_data.yaml::pais_data::alejandro.hernandez ran successfully in 2ms
2022-02-03 09:12:14.769  INFO 25760 --- [           main] liquibase.changelog                      : New row inserted into cat_edo_civil
2022-02-03 09:12:14.770  INFO 25760 --- [           main] liquibase.changelog                      : New row inserted into cat_edo_civil
2022-02-03 09:12:14.770  INFO 25760 --- [           main] liquibase.changelog                      : New row inserted into cat_edo_civil
2022-02-03 09:12:14.771  INFO 25760 --- [           main] liquibase.changelog                      : New row inserted into cat_edo_civil
2022-02-03 09:12:14.771  INFO 25760 --- [           main] liquibase.changelog                      : New row inserted into cat_edo_civil
2022-02-03 09:12:14.772  INFO 25760 --- [           main] liquibase.changelog                      : New row inserted into cat_edo_civil
2022-02-03 09:12:14.772  INFO 25760 --- [           main] liquibase.changelog                      : New row inserted into cat_edo_civil
2022-02-03 09:12:14.773  INFO 25760 --- [           main] liquibase.changelog                      : New row inserted into cat_edo_civil
2022-02-03 09:12:14.773  INFO 25760 --- [           main] liquibase.changelog                      : ChangeSet db/data/estados_civil_data.yaml::estados_data::alejandro.hernandez ran successfully in 5ms
2022-02-03 09:12:14.775  INFO 25760 --- [           main] liquibase.lockservice                    : Successfully released change log lock
2022-02-03 09:12:14.889  INFO 25760 --- [           main] o.hibernate.jpa.internal.util.LogHelper  : HHH000204: Processing PersistenceUnitInfo [name: default]
2022-02-03 09:12:14.938  INFO 25760 --- [           main] org.hibernate.Version                    : HHH000412: Hibernate ORM core version 5.6.4.Final
2022-02-03 09:12:15.071  INFO 25760 --- [           main] o.hibernate.annotations.common.Version   : HCANN000001: Hibernate Commons Annotations {5.1.2.Final}
2022-02-03 09:12:15.157  INFO 25760 --- [           main] org.hibernate.dialect.Dialect            : HHH000400: Using dialect: org.hibernate.dialect.H2Dialect
2022-02-03 09:12:15.754  INFO 25760 --- [           main] o.h.e.t.j.p.i.JtaPlatformInitiator       : HHH000490: Using JtaPlatform implementation: [org.hibernate.engine.transaction.jta.platform.internal.NoJtaPlatform]
2022-02-03 09:12:15.759  INFO 25760 --- [           main] j.LocalContainerEntityManagerFactoryBean : Initialized JPA EntityManagerFactory for persistence unit 'default'
2022-02-03 09:12:16.344  WARN 25760 --- [           main] JpaBaseConfiguration$JpaWebConfiguration : spring.jpa.open-in-view is enabled by default. Therefore, database queries may be performed during view rendering. Explicitly configure spring.jpa.open-in-view to disable this warning
2022-02-03 09:12:16.422  INFO 25760 --- [           main] .s.s.UserDetailsServiceAutoConfiguration : 

Using generated security password: 71c786fa-593c-40b5-8da5-655b8ca9750a

2022-02-03 09:12:16.516  INFO 25760 --- [           main] o.s.s.web.DefaultSecurityFilterChain     : Creating filter chain: any request, [org.springframework.security.web.context.request.async.WebAsyncManagerIntegrationFilter@4a5c29dc, org.springframework.security.web.context.SecurityContextPersistenceFilter@1248ac5d, org.springframework.security.web.header.HeaderWriterFilter@250cbcb9, org.springframework.security.web.authentication.logout.LogoutFilter@4a9e03b, mx.gob.oadprs.sicosel.security.JWTAuthorizationFilter@2f90ad92, org.springframework.security.web.savedrequest.RequestCacheAwareFilter@21e58e9a, org.springframework.security.web.servletapi.SecurityContextHolderAwareRequestFilter@3da1191b, org.springframework.security.web.authentication.AnonymousAuthenticationFilter@4710332d, org.springframework.security.web.session.SessionManagementFilter@771f4556, org.springframework.security.web.access.ExceptionTranslationFilter@5dd02ce0, org.springframework.security.web.access.intercept.FilterSecurityInterceptor@3c79c7fa]
2022-02-03 09:12:17.003  INFO 25760 --- [           main] o.s.b.w.embedded.tomcat.TomcatWebServer  : Tomcat started on port(s): 33107 (http) with context path ''
2022-02-03 09:12:17.009  INFO 25760 --- [           main] m.g.o.sicosel.services.FolioServiceSpec  : Started FolioServiceSpec in 7.175 seconds (JVM running for 8.584)
]]></system-out>
  </testcase>
</testsuite>